[debug] [2024-11-30T01:10:53.924Z] ----------------------------------------------------------------------
[debug] [2024-11-30T01:10:53.925Z] Command:       /Users/jyassien/.nvm/versions/node/v18.20.4/bin/node /Users/jyassien/.nvm/versions/node/v18.20.4/bin/firebase deploy --only functions
[debug] [2024-11-30T01:10:53.925Z] CLI Version:   13.22.0
[debug] [2024-11-30T01:10:53.925Z] Platform:      darwin
[debug] [2024-11-30T01:10:53.925Z] Node Version:  v18.20.4
[debug] [2024-11-30T01:10:53.929Z] Time:          Fri Nov 29 2024 18:10:53 GMT-0700 (Mountain Standard Time)
[debug] [2024-11-30T01:10:53.929Z] ----------------------------------------------------------------------
[debug] 
[debug] [2024-11-30T01:10:53.964Z] > command requires scopes: ["email","openid","https://www.googleapis.com/auth/cloudplatformprojects.readonly","https://www.googleapis.com/auth/firebase","https://www.googleapis.com/auth/cloud-platform"]
[debug] [2024-11-30T01:10:53.964Z] > authorizing via signed-in user (jjyassien@gmail.com)
[debug] [2024-11-30T01:10:53.964Z] [iam] checking project agrilens-web for permissions ["cloudfunctions.functions.create","cloudfunctions.functions.delete","cloudfunctions.functions.get","cloudfunctions.functions.list","cloudfunctions.functions.update","cloudfunctions.operations.get","firebase.projects.get"]
[debug] [2024-11-30T01:10:53.965Z] Checked if tokens are valid: true, expires at: 1732931601757
[debug] [2024-11-30T01:10:53.965Z] Checked if tokens are valid: true, expires at: 1732931601757
[debug] [2024-11-30T01:10:53.965Z] >>> [apiv2][query] POST https://cloudresourcemanager.googleapis.com/v1/projects/agrilens-web:testIamPermissions [none]
[debug] [2024-11-30T01:10:53.965Z] >>> [apiv2][(partial)header] POST https://cloudresourcemanager.googleapis.com/v1/projects/agrilens-web:testIamPermissions x-goog-quota-user=projects/agrilens-web
[debug] [2024-11-30T01:10:53.966Z] >>> [apiv2][body] POST https://cloudresourcemanager.googleapis.com/v1/projects/agrilens-web:testIamPermissions {"permissions":["cloudfunctions.functions.create","cloudfunctions.functions.delete","cloudfunctions.functions.get","cloudfunctions.functions.list","cloudfunctions.functions.update","cloudfunctions.operations.get","firebase.projects.get"]}
[debug] [2024-11-30T01:10:54.250Z] <<< [apiv2][status] POST https://cloudresourcemanager.googleapis.com/v1/projects/agrilens-web:testIamPermissions 200
[debug] [2024-11-30T01:10:54.250Z] <<< [apiv2][body] POST https://cloudresourcemanager.googleapis.com/v1/projects/agrilens-web:testIamPermissions {"permissions":["cloudfunctions.functions.create","cloudfunctions.functions.delete","cloudfunctions.functions.get","cloudfunctions.functions.list","cloudfunctions.functions.update","cloudfunctions.operations.get","firebase.projects.get"]}
[debug] [2024-11-30T01:10:54.250Z] Checked if tokens are valid: true, expires at: 1732931601757
[debug] [2024-11-30T01:10:54.250Z] Checked if tokens are valid: true, expires at: 1732931601757
[debug] [2024-11-30T01:10:54.251Z] >>> [apiv2][query] POST https://iam.googleapis.com/v1/projects/agrilens-web/serviceAccounts/agrilens-web@appspot.gserviceaccount.com:testIamPermissions [none]
[debug] [2024-11-30T01:10:54.251Z] >>> [apiv2][body] POST https://iam.googleapis.com/v1/projects/agrilens-web/serviceAccounts/agrilens-web@appspot.gserviceaccount.com:testIamPermissions {"permissions":["iam.serviceAccounts.actAs"]}
[debug] [2024-11-30T01:10:54.484Z] <<< [apiv2][status] POST https://iam.googleapis.com/v1/projects/agrilens-web/serviceAccounts/agrilens-web@appspot.gserviceaccount.com:testIamPermissions 200
[debug] [2024-11-30T01:10:54.485Z] <<< [apiv2][body] POST https://iam.googleapis.com/v1/projects/agrilens-web/serviceAccounts/agrilens-web@appspot.gserviceaccount.com:testIamPermissions {"permissions":["iam.serviceAccounts.actAs"]}
[info] 
[info] === Deploying to 'agrilens-web'...
[info] 
[info] i  deploying functions 
[info] Running command: npm --prefix "$RESOURCE_DIR" run lint
[info] ✔  functions: Finished running predeploy script. 
[debug] [2024-11-30T01:10:55.040Z] Checked if tokens are valid: true, expires at: 1732931601757
[debug] [2024-11-30T01:10:55.040Z] Checked if tokens are valid: true, expires at: 1732931601757
[debug] [2024-11-30T01:10:55.040Z] >>> [apiv2][query] GET https://firebase.googleapis.com/v1beta1/projects/agrilens-web [none]
[debug] [2024-11-30T01:10:55.271Z] <<< [apiv2][status] GET https://firebase.googleapis.com/v1beta1/projects/agrilens-web 200
[debug] [2024-11-30T01:10:55.271Z] <<< [apiv2][body] GET https://firebase.googleapis.com/v1beta1/projects/agrilens-web {"projectId":"agrilens-web","projectNumber":"687340693602","displayName":"AgriLens","name":"projects/agrilens-web","resources":{"hostingSite":"agrilens-web"},"state":"ACTIVE","etag":"1_0c3cad46-5969-4db4-8521-41ad86bd4f45"}
[info] i  functions: preparing codebase default for deployment 
[info] i  functions: ensuring required API cloudfunctions.googleapis.com is enabled... 
[debug] [2024-11-30T01:10:55.271Z] Checked if tokens are valid: true, expires at: 1732931601757
[debug] [2024-11-30T01:10:55.272Z] Checked if tokens are valid: true, expires at: 1732931601757
[debug] [2024-11-30T01:10:55.272Z] Checked if tokens are valid: true, expires at: 1732931601757
[debug] [2024-11-30T01:10:55.272Z] Checked if tokens are valid: true, expires at: 1732931601757
[info] i  functions: ensuring required API cloudbuild.googleapis.com is enabled... 
[debug] [2024-11-30T01:10:55.272Z] Checked if tokens are valid: true, expires at: 1732931601757
[debug] [2024-11-30T01:10:55.272Z] Checked if tokens are valid: true, expires at: 1732931601757
[info] i  artifactregistry: ensuring required API artifactregistry.googleapis.com is enabled... 
[debug] [2024-11-30T01:10:55.272Z] Checked if tokens are valid: true, expires at: 1732931601757
[debug] [2024-11-30T01:10:55.272Z] Checked if tokens are valid: true, expires at: 1732931601757
[debug] [2024-11-30T01:10:55.272Z] >>> [apiv2][query] GET https://serviceusage.googleapis.com/v1/projects/agrilens-web/services/cloudfunctions.googleapis.com [none]
[debug] [2024-11-30T01:10:55.272Z] >>> [apiv2][(partial)header] GET https://serviceusage.googleapis.com/v1/projects/agrilens-web/services/cloudfunctions.googleapis.com x-goog-quota-user=projects/agrilens-web
[debug] [2024-11-30T01:10:55.273Z] >>> [apiv2][query] GET https://serviceusage.googleapis.com/v1/projects/agrilens-web/services/runtimeconfig.googleapis.com [none]
[debug] [2024-11-30T01:10:55.273Z] >>> [apiv2][(partial)header] GET https://serviceusage.googleapis.com/v1/projects/agrilens-web/services/runtimeconfig.googleapis.com x-goog-quota-user=projects/agrilens-web
[debug] [2024-11-30T01:10:55.273Z] >>> [apiv2][query] GET https://serviceusage.googleapis.com/v1/projects/agrilens-web/services/cloudbuild.googleapis.com [none]
[debug] [2024-11-30T01:10:55.273Z] >>> [apiv2][(partial)header] GET https://serviceusage.googleapis.com/v1/projects/agrilens-web/services/cloudbuild.googleapis.com x-goog-quota-user=projects/agrilens-web
[debug] [2024-11-30T01:10:55.274Z] >>> [apiv2][query] GET https://serviceusage.googleapis.com/v1/projects/agrilens-web/services/artifactregistry.googleapis.com [none]
[debug] [2024-11-30T01:10:55.274Z] >>> [apiv2][(partial)header] GET https://serviceusage.googleapis.com/v1/projects/agrilens-web/services/artifactregistry.googleapis.com x-goog-quota-user=projects/agrilens-web
[debug] [2024-11-30T01:10:55.555Z] <<< [apiv2][status] GET https://serviceusage.googleapis.com/v1/projects/agrilens-web/services/cloudfunctions.googleapis.com 200
[debug] [2024-11-30T01:10:55.556Z] <<< [apiv2][body] GET https://serviceusage.googleapis.com/v1/projects/agrilens-web/services/cloudfunctions.googleapis.com [omitted]
[info] ✔  functions: required API cloudfunctions.googleapis.com is enabled 
[debug] [2024-11-30T01:10:55.585Z] <<< [apiv2][status] GET https://serviceusage.googleapis.com/v1/projects/agrilens-web/services/cloudbuild.googleapis.com 200
[debug] [2024-11-30T01:10:55.586Z] <<< [apiv2][body] GET https://serviceusage.googleapis.com/v1/projects/agrilens-web/services/cloudbuild.googleapis.com [omitted]
[info] ✔  functions: required API cloudbuild.googleapis.com is enabled 
[debug] [2024-11-30T01:10:55.587Z] <<< [apiv2][status] GET https://serviceusage.googleapis.com/v1/projects/agrilens-web/services/artifactregistry.googleapis.com 200
[debug] [2024-11-30T01:10:55.587Z] <<< [apiv2][body] GET https://serviceusage.googleapis.com/v1/projects/agrilens-web/services/artifactregistry.googleapis.com [omitted]
[info] ✔  artifactregistry: required API artifactregistry.googleapis.com is enabled 
[debug] [2024-11-30T01:10:55.611Z] <<< [apiv2][status] GET https://serviceusage.googleapis.com/v1/projects/agrilens-web/services/runtimeconfig.googleapis.com 200
[debug] [2024-11-30T01:10:55.611Z] <<< [apiv2][body] GET https://serviceusage.googleapis.com/v1/projects/agrilens-web/services/runtimeconfig.googleapis.com [omitted]
[debug] [2024-11-30T01:10:55.611Z] Checked if tokens are valid: true, expires at: 1732931601757
[debug] [2024-11-30T01:10:55.611Z] Checked if tokens are valid: true, expires at: 1732931601757
[debug] [2024-11-30T01:10:55.612Z] >>> [apiv2][query] GET https://firebase.googleapis.com/v1beta1/projects/agrilens-web/adminSdkConfig [none]
[debug] [2024-11-30T01:10:55.853Z] <<< [apiv2][status] GET https://firebase.googleapis.com/v1beta1/projects/agrilens-web/adminSdkConfig 200
[debug] [2024-11-30T01:10:55.854Z] <<< [apiv2][body] GET https://firebase.googleapis.com/v1beta1/projects/agrilens-web/adminSdkConfig {"projectId":"agrilens-web","storageBucket":"agrilens-web.firebasestorage.app"}
[debug] [2024-11-30T01:10:55.854Z] Checked if tokens are valid: true, expires at: 1732931601757
[debug] [2024-11-30T01:10:55.855Z] Checked if tokens are valid: true, expires at: 1732931601757
[debug] [2024-11-30T01:10:55.855Z] >>> [apiv2][query] GET https://runtimeconfig.googleapis.com/v1beta1/projects/agrilens-web/configs [none]
[debug] [2024-11-30T01:10:56.096Z] <<< [apiv2][status] GET https://runtimeconfig.googleapis.com/v1beta1/projects/agrilens-web/configs 200
[debug] [2024-11-30T01:10:56.096Z] <<< [apiv2][body] GET https://runtimeconfig.googleapis.com/v1beta1/projects/agrilens-web/configs {}
[debug] [2024-11-30T01:10:56.099Z] Validating nodejs source
[warn] ⚠  functions: package.json indicates an outdated version of firebase-functions. Please upgrade using npm install --save firebase-functions@latest in your functions directory. 
[debug] [2024-11-30T01:10:56.590Z] > [functions] package.json contents: {
  "name": "functions",
  "description": "Cloud Functions for Firebase",
  "scripts": {
    "lint": "eslint '*.js' --fix",
    "lint:check": "eslint 'src/**/*.js'",
    "serve": "firebase emulators:start --only functions",
    "shell": "firebase functions:shell",
    "start": "npm run shell",
    "deploy": "firebase deploy --only functions",
    "logs": "firebase functions:log"
  },
  "engines": {
    "node": "18"
  },
  "main": "index.js",
  "dependencies": {
    "axios": "^1.7.7",
    "busboy": "^1.6.0",
    "cors": "^2.8.5",
    "dotenv": "^16.4.5",
    "ejs": "^3.1.10",
    "express": "^4.21.1",
    "firebase-admin": "^11.11.1",
    "firebase-functions": "^6.1.0",
    "multer": "^1.4.5-lts.1"
  },
  "devDependencies": {
    "@eslint/js": "^9.15.0",
    "eslint": "^9.15.0",
    "eslint-config-google": "^0.14.0",
    "eslint-config-prettier": "^9.1.0",
    "firebase-functions-test": "^3.1.0",
    "globals": "^15.12.0",
    "prettier": "^3.3.3"
  },
  "private": true
}
[debug] [2024-11-30T01:10:56.590Z] Building nodejs source
[info] i  functions: Loading and analyzing source code for codebase default to determine what to deploy 
[debug] [2024-11-30T01:10:56.591Z] Could not find functions.yaml. Must use http discovery
[debug] [2024-11-30T01:10:56.596Z] Found firebase-functions binary at '/Users/jyassien/Desktop/fall24code/cs4360/agrilens/agrilens-backend/functions/node_modules/.bin/firebase-functions'
[info] Serving at port 8328

[debug] [2024-11-30T01:10:56.990Z] Got response from /__/functions.yaml {"endpoints":{"app":{"availableMemoryMb":null,"timeoutSeconds":null,"minInstances":null,"maxInstances":null,"ingressSettings":null,"concurrency":null,"serviceAccountEmail":null,"vpc":null,"platform":"gcfv2","labels":{},"httpsTrigger":{},"entryPoint":"app"}},"specVersion":"v1alpha1","requiredAPIs":[],"extensions":{}}
[info] i  extensions: ensuring required API firebaseextensions.googleapis.com is enabled... 
[debug] [2024-11-30T01:10:57.001Z] Checked if tokens are valid: true, expires at: 1732931601757
[debug] [2024-11-30T01:10:57.001Z] Checked if tokens are valid: true, expires at: 1732931601757
[debug] [2024-11-30T01:10:57.001Z] >>> [apiv2][query] GET https://serviceusage.googleapis.com/v1/projects/agrilens-web/services/firebaseextensions.googleapis.com [none]
[debug] [2024-11-30T01:10:57.001Z] >>> [apiv2][(partial)header] GET https://serviceusage.googleapis.com/v1/projects/agrilens-web/services/firebaseextensions.googleapis.com x-goog-quota-user=projects/agrilens-web
[debug] [2024-11-30T01:10:57.264Z] <<< [apiv2][status] GET https://serviceusage.googleapis.com/v1/projects/agrilens-web/services/firebaseextensions.googleapis.com 200
[debug] [2024-11-30T01:10:57.264Z] <<< [apiv2][body] GET https://serviceusage.googleapis.com/v1/projects/agrilens-web/services/firebaseextensions.googleapis.com [omitted]
[info] ✔  extensions: required API firebaseextensions.googleapis.com is enabled 
[debug] [2024-11-30T01:10:57.264Z] > command requires scopes: ["email","openid","https://www.googleapis.com/auth/cloudplatformprojects.readonly","https://www.googleapis.com/auth/firebase","https://www.googleapis.com/auth/cloud-platform"]
[debug] [2024-11-30T01:10:57.265Z] > authorizing via signed-in user (jjyassien@gmail.com)
[debug] [2024-11-30T01:10:57.265Z] [iam] checking project agrilens-web for permissions ["firebase.projects.get","firebaseextensions.instances.list"]
[debug] [2024-11-30T01:10:57.265Z] Checked if tokens are valid: true, expires at: 1732931601757
[debug] [2024-11-30T01:10:57.265Z] Checked if tokens are valid: true, expires at: 1732931601757
[debug] [2024-11-30T01:10:57.265Z] >>> [apiv2][query] POST https://cloudresourcemanager.googleapis.com/v1/projects/agrilens-web:testIamPermissions [none]
[debug] [2024-11-30T01:10:57.265Z] >>> [apiv2][(partial)header] POST https://cloudresourcemanager.googleapis.com/v1/projects/agrilens-web:testIamPermissions x-goog-quota-user=projects/agrilens-web
[debug] [2024-11-30T01:10:57.265Z] >>> [apiv2][body] POST https://cloudresourcemanager.googleapis.com/v1/projects/agrilens-web:testIamPermissions {"permissions":["firebase.projects.get","firebaseextensions.instances.list"]}
[debug] [2024-11-30T01:10:57.458Z] <<< [apiv2][status] POST https://cloudresourcemanager.googleapis.com/v1/projects/agrilens-web:testIamPermissions 200
[debug] [2024-11-30T01:10:57.459Z] <<< [apiv2][body] POST https://cloudresourcemanager.googleapis.com/v1/projects/agrilens-web:testIamPermissions {"permissions":["firebase.projects.get","firebaseextensions.instances.list"]}
[debug] [2024-11-30T01:10:57.460Z] Checked if tokens are valid: true, expires at: 1732931601757
[debug] [2024-11-30T01:10:57.460Z] Checked if tokens are valid: true, expires at: 1732931601757
[debug] [2024-11-30T01:10:57.461Z] >>> [apiv2][query] GET https://firebaseextensions.googleapis.com/v1beta/projects/agrilens-web/instances pageSize=100&pageToken=
[debug] [2024-11-30T01:10:57.821Z] <<< [apiv2][status] GET https://firebaseextensions.googleapis.com/v1beta/projects/agrilens-web/instances 200
[debug] [2024-11-30T01:10:57.822Z] <<< [apiv2][body] GET https://firebaseextensions.googleapis.com/v1beta/projects/agrilens-web/instances {}
[info] i  functions: Loaded environment variables from .env. 
[info] i  functions: preparing functions directory for uploading... 
[info] i  functions: packaged /Users/jyassien/Desktop/fall24code/cs4360/agrilens/agrilens-backend/functions (94.54 KB) for uploading 
[debug] [2024-11-30T01:10:57.878Z] Checked if tokens are valid: true, expires at: 1732931601757
[debug] [2024-11-30T01:10:57.878Z] Checked if tokens are valid: true, expires at: 1732931601757
[debug] [2024-11-30T01:10:57.878Z] >>> [apiv2][query] GET https://cloudfunctions.googleapis.com/v1/projects/agrilens-web/locations/-/functions [none]
[debug] [2024-11-30T01:10:58.448Z] <<< [apiv2][status] GET https://cloudfunctions.googleapis.com/v1/projects/agrilens-web/locations/-/functions 200
[debug] [2024-11-30T01:10:58.448Z] <<< [apiv2][body] GET https://cloudfunctions.googleapis.com/v1/projects/agrilens-web/locations/-/functions {}
[debug] [2024-11-30T01:10:58.449Z] Checked if tokens are valid: true, expires at: 1732931601757
[debug] [2024-11-30T01:10:58.449Z] Checked if tokens are valid: true, expires at: 1732931601757
[debug] [2024-11-30T01:10:58.449Z] >>> [apiv2][query] GET https://cloudfunctions.googleapis.com/v2/projects/agrilens-web/locations/-/functions filter=environment%3D%22GEN_2%22
[debug] [2024-11-30T01:10:58.878Z] <<< [apiv2][status] GET https://cloudfunctions.googleapis.com/v2/projects/agrilens-web/locations/-/functions 200
[debug] [2024-11-30T01:10:58.879Z] <<< [apiv2][body] GET https://cloudfunctions.googleapis.com/v2/projects/agrilens-web/locations/-/functions {"functions":[{"name":"projects/agrilens-web/locations/us-central1/functions/app","buildConfig":{"build":"projects/687340693602/locations/us-central1/builds/49e26596-9fc6-4601-bf5f-cde0ebed8c58","runtime":"nodejs18","entryPoint":"app","source":{"storageSource":{"bucket":"gcf-v2-sources-687340693602-us-central1","object":"app/function-source.zip","generation":"1732348893520426"}},"environmentVariables":{"GOOGLE_NODE_RUN_SCRIPTS":""},"dockerRepository":"projects/agrilens-web/locations/us-central1/repositories/gcf-artifacts","sourceProvenance":{"resolvedStorageSource":{"bucket":"gcf-v2-sources-687340693602-us-central1","object":"app/function-source.zip","generation":"1732348893520426"}},"dockerRegistry":"ARTIFACT_REGISTRY","serviceAccount":"projects/agrilens-web/serviceAccounts/687340693602-compute@developer.gserviceaccount.com","automaticUpdatePolicy":{}},"serviceConfig":{"service":"projects/agrilens-web/locations/us-central1/services/app","timeoutSeconds":60,"environmentVariables":{"HYPERBOLIC_API_KEY":"eyJhbGciOiJIUzI1NiIsInR5cCI6IkpXVCJ9.eyJzdWIiOiJiZWRuaWVAbXN1ZGVudmVyLmVkdSIsImlhdCI6MTczMjM0NTQ0M30.43641egwU0AoKHMNlo8AKkBVM0fc-nx724BepH757iM","PLANT_ID_API_KEY":"8as3drFq0E91M9cFLz22ZEO5isRyr0uHo1cOYqSyTVsLL5bTEJ","TYPE_VALUE":"service_account","PROJECT_ID_VALUE":"agrilens-web","PROJECT_BUCKET_NAME":"agrilens-web.firebasestorage.app","PRIVATE_KEY_ID_VALUE":"3663ba6ea2106e8a9650875ca3648e9fdbd7f49b","PRIVATE_KEY_VALUE":"-----BEGIN PRIVATE KEY-----\nMIIEvQIBADANBgkqhkiG9w0BAQEFAASCBKcwggSjAgEAAoIBAQDA33BGA1a7qj4g\nGnwKtMNDQin5ugA3wm2lfLHx12zzhYCyUaFgTbGZR0wG2drwPYCeUMeVfK1yI06Q\n8NPFbAAK2saq3raedLoIo28Ck5Mi1SV2yt58vSWRsR+/9bk1YJdR1OvNfq8860AC\nG6W8P8O2HeJTq4ygF3qoI4p5YJgzRfluretWjyhIOYRnC0EEC+HQ2/UzSBAdT6Zf\nf2E3Esf6up+mQphO2jp4hP7IlWK0BvdSHPg9rl+sbmeDEtWG30ZDlfq0sDS41gcZ\nCpQMMIASsv0e+CFGQ28DITsQ4hLrEx2ZjNHGdWNKBc3x6fQ5+l48QkDzSD8J2hyQ\nsuTlsmJJAgMBAAECggEACkPaFd/XneVRqSO/tlIokkvTMBdWK6GNdGFOlzB/+/X/\nA36UuCtqaF4DDdpKbL7ZOZPTC4G3OXvnko8+tiMpXWqHaFCyJ3zO6ebI4bo4+oGd\nnNTvQnROq5JhvjW1xcF+TDyo0CcN7JAYuAQAriQ2plqw0QMwWNTnEkvR8uPRNelL\n0hWiDUHMqpVSeOLqstayZvJM0Pzpg26SoK+LzNflSLrzpFyr62A+c/1i1ppPTRIs\n4/F2Itf7ltXQQTmsWfCg3HlP+WsgrcdE7/YA9s7uivFQrMtb6XUhrHlAgtnvH9T5\nEc0QbrL1uADsBJFcU5sm2FtXbYfosr2gpdr4ZNoQgQKBgQDmdSLxbJp8qjBJtddd\nti2CH5o/DoIU3QvIOGG9icdNJx470JY3fGe72X1wgLkG/zv4ZjIHTiX1UGf17wTY\nutMZ5jDRhf2RYyh/6CxRcEiUls4sE5ARYFOYW3oNAtW9+c+s8DfpZR+Po3XaiARK\nvmtYnpXTUetfvl4JDnkNIvqmzwKBgQDWP+UYO9/6j8xhk3MJolESXFxxys/Hjlm8\nJvTL3lg9t2j8i6su6QpvC18gxuVRxR/9TFUQU3zJkMQpbb98iCi9BJM4P39myoaT\nk+G3GZCgxw9p2AchKMvKy0E8br/bRYNfuVJlKxFkde2Zw1ZUkVJdbopjlasYDfTI\nGNwGvwOrZwKBgEEqtmrWbwj5hxYQ2YmiTlQRY6iZDaegqghACUNzhmwGt8HqRdAC\n2cKAybvaanfUDL09CMCQFKO9zOf6YsB2c+NK+FsHLKDEDVu952pP+fYqfrpv/bks\nJ/dZRrYPKynBTjx04RqagcY4Tscw1yXbmrdAgNV0wL4eMrEU6p4QWhh5AoGAfCpJ\nffLtSkveGcqXR8UPEQH//V6ZbkBcVwOIqUHxh8rsiDf1fFlIV7SSa+945RvF/0km\nnzCTSEmitZPJ/sT2Px0QqO97yTmkJpD0peWmANd8Yk31S81V1fBXnUtd2xj9GxPO\n4ZzFFqCVk6A2Pwp9XnJ6t1386xLjgreNhEddPA8CgYEAuNXEAl4qlzTrkJnlgRQT\nFXOF2LWgRHW5bV78qvTwygfQUpRA5TLMVyTV3PjBv9rppO6xS9KV5MGoBJwO30gZ\nu417uYZ41BKGGglEFg6hhklZjwErMjhFHYzsldm872NHeLeiYqkHEEiKoHa0R6OY\nVtIrxZNBb836AgBwVE2zo4c=\n-----END PRIVATE KEY-----\n","CLIENT_EMAIL_VALUE":"firebase-adminsdk-kc2m1@agrilens-web.iam.gserviceaccount.com","CLIENT_ID_VALUE":"108154548755254743828","AUTH_URI_VALUE":"https://accounts.google.com/o/oauth2/auth","TOKEN_URI_VALUE":"https://oauth2.googleapis.com/token","AUTH_PROVIDER_CERT_URL_VALUE":"https://www.googleapis.com/oauth2/v1/certs","CLIENT_CERT_URL_VALUE":"https://www.googleapis.com/robot/v1/metadata/x509/firebase-adminsdk-kc2m1%40agrilens-web.iam.gserviceaccount.com","UNIVERSE_DOMAIN_VALUE":"googleapis.com","FIREBASE_CONFIG":"{\"projectId\":\"agrilens-web\",\"storageBucket\":\"agrilens-web.firebasestorage.app\"}","GCLOUD_PROJECT":"agrilens-web","EVENTARC_CLOUD_EVENT_SOURCE":"projects/agrilens-web/locations/us-central1/services/app","FUNCTION_TARGET":"app","LOG_EXECUTION_ID":"true"},"maxInstanceCount":100,"ingressSettings":"ALLOW_ALL","uri":"https://app-id543mmv6a-uc.a.run.app","serviceAccountEmail":"687340693602-compute@developer.gserviceaccount.com","availableMemory":"256Mi","allTrafficOnLatestRevision":true,"revision":"app-00008-qir","maxInstanceRequestConcurrency":80,"availableCpu":"1"},"state":"ACTIVE","updateTime":"2024-11-23T08:02:26.941916416Z","labels":{"deployment-tool":"cli-firebase","firebase-functions-hash":"f9ac1395660853b83247c4e6aa9a8ac58e3ad734"},"environment":"GEN_2","url":"https://us-central1-agrilens-web.cloudfunctions.net/app","createTime":"2024-10-13T22:43:57.485282947Z"}]}
[info] i  functions: ensuring required API run.googleapis.com is enabled... 
[debug] [2024-11-30T01:10:58.883Z] Checked if tokens are valid: true, expires at: 1732931601757
[debug] [2024-11-30T01:10:58.883Z] Checked if tokens are valid: true, expires at: 1732931601757
[info] i  functions: ensuring required API eventarc.googleapis.com is enabled... 
[debug] [2024-11-30T01:10:58.884Z] Checked if tokens are valid: true, expires at: 1732931601757
[debug] [2024-11-30T01:10:58.884Z] Checked if tokens are valid: true, expires at: 1732931601757
[info] i  functions: ensuring required API pubsub.googleapis.com is enabled... 
[debug] [2024-11-30T01:10:58.884Z] Checked if tokens are valid: true, expires at: 1732931601757
[debug] [2024-11-30T01:10:58.884Z] Checked if tokens are valid: true, expires at: 1732931601757
[info] i  functions: ensuring required API storage.googleapis.com is enabled... 
[debug] [2024-11-30T01:10:58.885Z] Checked if tokens are valid: true, expires at: 1732931601757
[debug] [2024-11-30T01:10:58.885Z] Checked if tokens are valid: true, expires at: 1732931601757
[debug] [2024-11-30T01:10:58.885Z] >>> [apiv2][query] GET https://serviceusage.googleapis.com/v1/projects/agrilens-web/services/run.googleapis.com [none]
[debug] [2024-11-30T01:10:58.885Z] >>> [apiv2][(partial)header] GET https://serviceusage.googleapis.com/v1/projects/agrilens-web/services/run.googleapis.com x-goog-quota-user=projects/agrilens-web
[debug] [2024-11-30T01:10:58.887Z] >>> [apiv2][query] GET https://serviceusage.googleapis.com/v1/projects/agrilens-web/services/eventarc.googleapis.com [none]
[debug] [2024-11-30T01:10:58.887Z] >>> [apiv2][(partial)header] GET https://serviceusage.googleapis.com/v1/projects/agrilens-web/services/eventarc.googleapis.com x-goog-quota-user=projects/agrilens-web
[debug] [2024-11-30T01:10:58.889Z] >>> [apiv2][query] GET https://serviceusage.googleapis.com/v1/projects/agrilens-web/services/pubsub.googleapis.com [none]
[debug] [2024-11-30T01:10:58.889Z] >>> [apiv2][(partial)header] GET https://serviceusage.googleapis.com/v1/projects/agrilens-web/services/pubsub.googleapis.com x-goog-quota-user=projects/agrilens-web
[debug] [2024-11-30T01:10:58.891Z] >>> [apiv2][query] GET https://serviceusage.googleapis.com/v1/projects/agrilens-web/services/storage.googleapis.com [none]
[debug] [2024-11-30T01:10:58.891Z] >>> [apiv2][(partial)header] GET https://serviceusage.googleapis.com/v1/projects/agrilens-web/services/storage.googleapis.com x-goog-quota-user=projects/agrilens-web
[debug] [2024-11-30T01:10:59.141Z] <<< [apiv2][status] GET https://serviceusage.googleapis.com/v1/projects/agrilens-web/services/storage.googleapis.com 200
[debug] [2024-11-30T01:10:59.142Z] <<< [apiv2][body] GET https://serviceusage.googleapis.com/v1/projects/agrilens-web/services/storage.googleapis.com [omitted]
[info] ✔  functions: required API storage.googleapis.com is enabled 
[debug] [2024-11-30T01:10:59.146Z] <<< [apiv2][status] GET https://serviceusage.googleapis.com/v1/projects/agrilens-web/services/run.googleapis.com 200
[debug] [2024-11-30T01:10:59.146Z] <<< [apiv2][body] GET https://serviceusage.googleapis.com/v1/projects/agrilens-web/services/run.googleapis.com [omitted]
[info] ✔  functions: required API run.googleapis.com is enabled 
[debug] [2024-11-30T01:10:59.159Z] <<< [apiv2][status] GET https://serviceusage.googleapis.com/v1/projects/agrilens-web/services/pubsub.googleapis.com 200
[debug] [2024-11-30T01:10:59.159Z] <<< [apiv2][body] GET https://serviceusage.googleapis.com/v1/projects/agrilens-web/services/pubsub.googleapis.com [omitted]
[info] ✔  functions: required API pubsub.googleapis.com is enabled 
[debug] [2024-11-30T01:10:59.160Z] <<< [apiv2][status] GET https://serviceusage.googleapis.com/v1/projects/agrilens-web/services/eventarc.googleapis.com 200
[debug] [2024-11-30T01:10:59.160Z] <<< [apiv2][body] GET https://serviceusage.googleapis.com/v1/projects/agrilens-web/services/eventarc.googleapis.com [omitted]
[info] ✔  functions: required API eventarc.googleapis.com is enabled 
[info] i  functions: generating the service identity for pubsub.googleapis.com... 
[debug] [2024-11-30T01:10:59.161Z] Checked if tokens are valid: true, expires at: 1732931601757
[debug] [2024-11-30T01:10:59.161Z] Checked if tokens are valid: true, expires at: 1732931601757
[info] i  functions: generating the service identity for eventarc.googleapis.com... 
[debug] [2024-11-30T01:10:59.161Z] Checked if tokens are valid: true, expires at: 1732931601757
[debug] [2024-11-30T01:10:59.161Z] Checked if tokens are valid: true, expires at: 1732931601757
[debug] [2024-11-30T01:10:59.161Z] >>> [apiv2][query] POST https://serviceusage.googleapis.com/v1beta1/projects/687340693602/services/pubsub.googleapis.com:generateServiceIdentity [none]
[debug] [2024-11-30T01:10:59.163Z] >>> [apiv2][query] POST https://serviceusage.googleapis.com/v1beta1/projects/687340693602/services/eventarc.googleapis.com:generateServiceIdentity [none]
[debug] [2024-11-30T01:10:59.563Z] <<< [apiv2][status] POST https://serviceusage.googleapis.com/v1beta1/projects/687340693602/services/pubsub.googleapis.com:generateServiceIdentity 200
[debug] [2024-11-30T01:10:59.564Z] <<< [apiv2][body] POST https://serviceusage.googleapis.com/v1beta1/projects/687340693602/services/pubsub.googleapis.com:generateServiceIdentity {"name":"operations/finished.DONE_OPERATION","done":true,"response":{"@type":"type.googleapis.com/google.api.serviceusage.v1beta1.ServiceIdentity","email":"service-687340693602@gcp-sa-pubsub.iam.gserviceaccount.com","uniqueId":"105957362045176258957"}}
[debug] [2024-11-30T01:10:59.564Z] <<< [apiv2][status] POST https://serviceusage.googleapis.com/v1beta1/projects/687340693602/services/eventarc.googleapis.com:generateServiceIdentity 200
[debug] [2024-11-30T01:10:59.564Z] <<< [apiv2][body] POST https://serviceusage.googleapis.com/v1beta1/projects/687340693602/services/eventarc.googleapis.com:generateServiceIdentity {"name":"operations/finished.DONE_OPERATION","done":true,"response":{"@type":"type.googleapis.com/google.api.serviceusage.v1beta1.ServiceIdentity","email":"service-687340693602@gcp-sa-eventarc.iam.gserviceaccount.com","uniqueId":"104742062367388256614"}}
[debug] [2024-11-30T01:10:59.568Z] Checked if tokens are valid: true, expires at: 1732931601757
[debug] [2024-11-30T01:10:59.568Z] Checked if tokens are valid: true, expires at: 1732931601757
[debug] [2024-11-30T01:10:59.568Z] >>> [apiv2][query] GET https://firebase.googleapis.com/v1beta1/projects/agrilens-web [none]
[debug] [2024-11-30T01:10:59.728Z] <<< [apiv2][status] GET https://firebase.googleapis.com/v1beta1/projects/agrilens-web 200
[debug] [2024-11-30T01:10:59.728Z] <<< [apiv2][body] GET https://firebase.googleapis.com/v1beta1/projects/agrilens-web {"projectId":"agrilens-web","projectNumber":"687340693602","displayName":"AgriLens","name":"projects/agrilens-web","resources":{"hostingSite":"agrilens-web"},"state":"ACTIVE","etag":"1_0c3cad46-5969-4db4-8521-41ad86bd4f45"}
[debug] [2024-11-30T01:10:59.730Z] Checked if tokens are valid: true, expires at: 1732931601757
[debug] [2024-11-30T01:10:59.730Z] Checked if tokens are valid: true, expires at: 1732931601757
[debug] [2024-11-30T01:10:59.730Z] >>> [apiv2][query] GET https://cloudbilling.googleapis.com/v1/projects/agrilens-web/billingInfo [none]
[debug] [2024-11-30T01:10:59.973Z] <<< [apiv2][status] GET https://cloudbilling.googleapis.com/v1/projects/agrilens-web/billingInfo 200
[debug] [2024-11-30T01:10:59.974Z] <<< [apiv2][body] GET https://cloudbilling.googleapis.com/v1/projects/agrilens-web/billingInfo {"name":"projects/agrilens-web/billingInfo","projectId":"agrilens-web","billingAccountName":"billingAccounts/01A58B-40D335-2146C1","billingEnabled":true}
[debug] [2024-11-30T01:10:59.977Z] Checked if tokens are valid: true, expires at: 1732931601757
[debug] [2024-11-30T01:10:59.977Z] Checked if tokens are valid: true, expires at: 1732931601757
[debug] [2024-11-30T01:10:59.977Z] >>> [apiv2][query] POST https://cloudfunctions.googleapis.com/v2/projects/agrilens-web/locations/us-central1/functions:generateUploadUrl [none]
[debug] [2024-11-30T01:11:00.179Z] <<< [apiv2][status] POST https://cloudfunctions.googleapis.com/v2/projects/agrilens-web/locations/us-central1/functions:generateUploadUrl 200
[debug] [2024-11-30T01:11:00.179Z] <<< [apiv2][body] POST https://cloudfunctions.googleapis.com/v2/projects/agrilens-web/locations/us-central1/functions:generateUploadUrl {"uploadUrl":"https://storage.googleapis.com/gcf-v2-uploads-687340693602.us-central1.cloudfunctions.appspot.com/b790e782-44a5-4b61-8b94-3b998a9fbe74.zip?GoogleAccessId=service-687340693602@gcf-admin-robot.iam.gserviceaccount.com&Expires=1732930860&Signature=JVMWmWeDGsiblhNtVxdzQF%2Ba%2Bm4lfpdWLVPs7Ss2gdiN%2FX5EDf0PFeimi18BFusabfD6%2BUct4MuDMxthjqgILSEcny8euSsQraHCeSpc7P5HGtk7fV%2FQ%2F2iVPNDV6BAvqvnTSoguhMs%2BhCSO8QIYD3LAYQkNn5z%2FULuX6uCd7LwN5SyqkGVMdMMSTma%2BIcjE8x4CB0Jy4S4UptYof2%2Bq2%2FcI%2B2qGAzdXLurhtSXco2fQu3ByeyIcygGQ7X5aCYX8HCP0q8x%2Blhsg8hYzg1TBCatwgzwTtHggkJMVKgq9ZyuQNnrm91gylmgl3j0CQmLtC7wTNLCqGbulr6sKgac1EQ%3D%3D","storageSource":{"bucket":"gcf-v2-uploads-687340693602.us-central1.cloudfunctions.appspot.com","object":"b790e782-44a5-4b61-8b94-3b998a9fbe74.zip"}}
[debug] [2024-11-30T01:11:00.180Z] >>> [apiv2][query] PUT https://storage.googleapis.com/gcf-v2-uploads-687340693602.us-central1.cloudfunctions.appspot.com/b790e782-44a5-4b61-8b94-3b998a9fbe74.zip GoogleAccessId=service-687340693602%40gcf-admin-robot.iam.gserviceaccount.com&Expires=1732930860&Signature=JVMWmWeDGsiblhNtVxdzQF%2Ba%2Bm4lfpdWLVPs7Ss2gdiN%2FX5EDf0PFeimi18BFusabfD6%2BUct4MuDMxthjqgILSEcny8euSsQraHCeSpc7P5HGtk7fV%2FQ%2F2iVPNDV6BAvqvnTSoguhMs%2BhCSO8QIYD3LAYQkNn5z%2FULuX6uCd7LwN5SyqkGVMdMMSTma%2BIcjE8x4CB0Jy4S4UptYof2%2Bq2%2FcI%2B2qGAzdXLurhtSXco2fQu3ByeyIcygGQ7X5aCYX8HCP0q8x%2Blhsg8hYzg1TBCatwgzwTtHggkJMVKgq9ZyuQNnrm91gylmgl3j0CQmLtC7wTNLCqGbulr6sKgac1EQ%3D%3D
[debug] [2024-11-30T01:11:00.180Z] >>> [apiv2][body] PUT https://storage.googleapis.com/gcf-v2-uploads-687340693602.us-central1.cloudfunctions.appspot.com/b790e782-44a5-4b61-8b94-3b998a9fbe74.zip [stream]
[debug] [2024-11-30T01:11:00.405Z] <<< [apiv2][status] PUT https://storage.googleapis.com/gcf-v2-uploads-687340693602.us-central1.cloudfunctions.appspot.com/b790e782-44a5-4b61-8b94-3b998a9fbe74.zip 200
[debug] [2024-11-30T01:11:00.406Z] <<< [apiv2][body] PUT https://storage.googleapis.com/gcf-v2-uploads-687340693602.us-central1.cloudfunctions.appspot.com/b790e782-44a5-4b61-8b94-3b998a9fbe74.zip [omitted]
[info] ✔  functions: functions folder uploaded successfully 
[info] i  functions: updating Node.js 18 (2nd Gen) function app(us-central1)... 
[debug] [2024-11-30T01:11:00.415Z] Checked if tokens are valid: true, expires at: 1732931601757
[debug] [2024-11-30T01:11:00.415Z] Checked if tokens are valid: true, expires at: 1732931601757
[debug] [2024-11-30T01:11:00.415Z] >>> [apiv2][query] PATCH https://cloudfunctions.googleapis.com/v2/projects/agrilens-web/locations/us-central1/functions/app updateMask=name%2CbuildConfig.runtime%2CbuildConfig.entryPoint%2CbuildConfig.source.storageSource.bucket%2CbuildConfig.source.storageSource.object%2CbuildConfig.environmentVariables%2CbuildConfig.sourceToken%2CserviceConfig.environmentVariables%2CserviceConfig.ingressSettings%2CserviceConfig.timeoutSeconds%2CserviceConfig.serviceAccountEmail%2CserviceConfig.availableMemory%2CserviceConfig.minInstanceCount%2CserviceConfig.maxInstanceCount%2CserviceConfig.maxInstanceRequestConcurrency%2CserviceConfig.availableCpu%2CserviceConfig.vpcConnector%2CserviceConfig.vpcConnectorEgressSettings%2Clabels%2CbuildConfig.buildEnvironmentVariables
[debug] [2024-11-30T01:11:00.415Z] >>> [apiv2][body] PATCH https://cloudfunctions.googleapis.com/v2/projects/agrilens-web/locations/us-central1/functions/app {"name":"projects/agrilens-web/locations/us-central1/functions/app","buildConfig":{"runtime":"nodejs18","entryPoint":"app","source":{"storageSource":{"bucket":"gcf-v2-uploads-687340693602.us-central1.cloudfunctions.appspot.com","object":"b790e782-44a5-4b61-8b94-3b998a9fbe74.zip"}},"environmentVariables":{"GOOGLE_NODE_RUN_SCRIPTS":""}},"serviceConfig":{"environmentVariables":{"HYPERBOLIC_API_KEY":"eyJhbGciOiJIUzI1NiIsInR5cCI6IkpXVCJ9.eyJzdWIiOiJiZWRuaWVAbXN1ZGVudmVyLmVkdSIsImlhdCI6MTczMjM0NTQ0M30.43641egwU0AoKHMNlo8AKkBVM0fc-nx724BepH757iM","PLANT_ID_API_KEY":"8as3drFq0E91M9cFLz22ZEO5isRyr0uHo1cOYqSyTVsLL5bTEJ","TYPE_VALUE":"service_account","PROJECT_ID_VALUE":"agrilens-web","PROJECT_BUCKET_NAME":"agrilens-web.firebasestorage.app","PRIVATE_KEY_ID_VALUE":"3663ba6ea2106e8a9650875ca3648e9fdbd7f49b","PRIVATE_KEY_VALUE":"-----BEGIN PRIVATE KEY-----\nMIIEvQIBADANBgkqhkiG9w0BAQEFAASCBKcwggSjAgEAAoIBAQDA33BGA1a7qj4g\nGnwKtMNDQin5ugA3wm2lfLHx12zzhYCyUaFgTbGZR0wG2drwPYCeUMeVfK1yI06Q\n8NPFbAAK2saq3raedLoIo28Ck5Mi1SV2yt58vSWRsR+/9bk1YJdR1OvNfq8860AC\nG6W8P8O2HeJTq4ygF3qoI4p5YJgzRfluretWjyhIOYRnC0EEC+HQ2/UzSBAdT6Zf\nf2E3Esf6up+mQphO2jp4hP7IlWK0BvdSHPg9rl+sbmeDEtWG30ZDlfq0sDS41gcZ\nCpQMMIASsv0e+CFGQ28DITsQ4hLrEx2ZjNHGdWNKBc3x6fQ5+l48QkDzSD8J2hyQ\nsuTlsmJJAgMBAAECggEACkPaFd/XneVRqSO/tlIokkvTMBdWK6GNdGFOlzB/+/X/\nA36UuCtqaF4DDdpKbL7ZOZPTC4G3OXvnko8+tiMpXWqHaFCyJ3zO6ebI4bo4+oGd\nnNTvQnROq5JhvjW1xcF+TDyo0CcN7JAYuAQAriQ2plqw0QMwWNTnEkvR8uPRNelL\n0hWiDUHMqpVSeOLqstayZvJM0Pzpg26SoK+LzNflSLrzpFyr62A+c/1i1ppPTRIs\n4/F2Itf7ltXQQTmsWfCg3HlP+WsgrcdE7/YA9s7uivFQrMtb6XUhrHlAgtnvH9T5\nEc0QbrL1uADsBJFcU5sm2FtXbYfosr2gpdr4ZNoQgQKBgQDmdSLxbJp8qjBJtddd\nti2CH5o/DoIU3QvIOGG9icdNJx470JY3fGe72X1wgLkG/zv4ZjIHTiX1UGf17wTY\nutMZ5jDRhf2RYyh/6CxRcEiUls4sE5ARYFOYW3oNAtW9+c+s8DfpZR+Po3XaiARK\nvmtYnpXTUetfvl4JDnkNIvqmzwKBgQDWP+UYO9/6j8xhk3MJolESXFxxys/Hjlm8\nJvTL3lg9t2j8i6su6QpvC18gxuVRxR/9TFUQU3zJkMQpbb98iCi9BJM4P39myoaT\nk+G3GZCgxw9p2AchKMvKy0E8br/bRYNfuVJlKxFkde2Zw1ZUkVJdbopjlasYDfTI\nGNwGvwOrZwKBgEEqtmrWbwj5hxYQ2YmiTlQRY6iZDaegqghACUNzhmwGt8HqRdAC\n2cKAybvaanfUDL09CMCQFKO9zOf6YsB2c+NK+FsHLKDEDVu952pP+fYqfrpv/bks\nJ/dZRrYPKynBTjx04RqagcY4Tscw1yXbmrdAgNV0wL4eMrEU6p4QWhh5AoGAfCpJ\nffLtSkveGcqXR8UPEQH//V6ZbkBcVwOIqUHxh8rsiDf1fFlIV7SSa+945RvF/0km\nnzCTSEmitZPJ/sT2Px0QqO97yTmkJpD0peWmANd8Yk31S81V1fBXnUtd2xj9GxPO\n4ZzFFqCVk6A2Pwp9XnJ6t1386xLjgreNhEddPA8CgYEAuNXEAl4qlzTrkJnlgRQT\nFXOF2LWgRHW5bV78qvTwygfQUpRA5TLMVyTV3PjBv9rppO6xS9KV5MGoBJwO30gZ\nu417uYZ41BKGGglEFg6hhklZjwErMjhFHYzsldm872NHeLeiYqkHEEiKoHa0R6OY\nVtIrxZNBb836AgBwVE2zo4c=\n-----END PRIVATE KEY-----\n","CLIENT_EMAIL_VALUE":"firebase-adminsdk-kc2m1@agrilens-web.iam.gserviceaccount.com","CLIENT_ID_VALUE":"108154548755254743828","AUTH_URI_VALUE":"https://accounts.google.com/o/oauth2/auth","TOKEN_URI_VALUE":"https://oauth2.googleapis.com/token","AUTH_PROVIDER_CERT_URL_VALUE":"https://www.googleapis.com/oauth2/v1/certs","CLIENT_CERT_URL_VALUE":"https://www.googleapis.com/robot/v1/metadata/x509/firebase-adminsdk-kc2m1%40agrilens-web.iam.gserviceaccount.com","UNIVERSE_DOMAIN_VALUE":"googleapis.com","FIREBASE_CONFIG":"{\"projectId\":\"agrilens-web\",\"storageBucket\":\"agrilens-web.firebasestorage.app\"}","GCLOUD_PROJECT":"agrilens-web","EVENTARC_CLOUD_EVENT_SOURCE":"projects/agrilens-web/locations/us-central1/services/app","FUNCTION_TARGET":"app"},"ingressSettings":null,"timeoutSeconds":null,"serviceAccountEmail":null,"availableMemory":"256Mi","minInstanceCount":null,"maxInstanceCount":null,"maxInstanceRequestConcurrency":80,"availableCpu":"1","vpcConnector":null,"vpcConnectorEgressSettings":null},"labels":{"deployment-tool":"cli-firebase","firebase-functions-hash":"6f7dfbb8c676b5acead80dd0ca9430bc02b950f0"}}
[debug] [2024-11-30T01:11:01.793Z] <<< [apiv2][status] PATCH https://cloudfunctions.googleapis.com/v2/projects/agrilens-web/locations/us-central1/functions/app 200
[debug] [2024-11-30T01:11:01.793Z] <<< [apiv2][body] PATCH https://cloudfunctions.googleapis.com/v2/projects/agrilens-web/locations/us-central1/functions/app {"name":"projects/agrilens-web/locations/us-central1/operations/operation-1732929060610-62816fd142348-e2e8da93-09af367e","metadata":{"@type":"type.googleapis.com/google.cloud.functions.v2.OperationMetadata","createTime":"2024-11-30T01:11:01.667613329Z","target":"projects/agrilens-web/locations/us-central1/functions/app","verb":"update","cancelRequested":false,"apiVersion":"v2"},"done":false}
[debug] [2024-11-30T01:11:01.794Z] Checked if tokens are valid: true, expires at: 1732931601757
[debug] [2024-11-30T01:11:01.795Z] Checked if tokens are valid: true, expires at: 1732931601757
[debug] [2024-11-30T01:11:01.795Z] >>> [apiv2][query] GET https://cloudfunctions.googleapis.com/v2/projects/agrilens-web/locations/us-central1/operations/operation-1732929060610-62816fd142348-e2e8da93-09af367e [none]
[debug] [2024-11-30T01:11:01.944Z] <<< [apiv2][status] GET https://cloudfunctions.googleapis.com/v2/projects/agrilens-web/locations/us-central1/operations/operation-1732929060610-62816fd142348-e2e8da93-09af367e 200
[debug] [2024-11-30T01:11:01.945Z] <<< [apiv2][body] GET https://cloudfunctions.googleapis.com/v2/projects/agrilens-web/locations/us-central1/operations/operation-1732929060610-62816fd142348-e2e8da93-09af367e {"name":"projects/agrilens-web/locations/us-central1/operations/operation-1732929060610-62816fd142348-e2e8da93-09af367e","metadata":{"@type":"type.googleapis.com/google.cloud.functions.v2.OperationMetadata","createTime":"2024-11-30T01:11:01.667613329Z","target":"projects/agrilens-web/locations/us-central1/functions/app","verb":"update","cancelRequested":false,"apiVersion":"v2","requestResource":{"@type":"type.googleapis.com/google.cloud.functions.v2.Function","name":"projects/agrilens-web/locations/us-central1/functions/app","buildConfig":{"runtime":"nodejs18","entryPoint":"app","source":{"storageSource":{"bucket":"gcf-v2-sources-687340693602-us-central1","object":"app/function-source.zip","generation":"1732929061622133"}},"environmentVariables":{"GOOGLE_NODE_RUN_SCRIPTS":""},"dockerRepository":"projects/agrilens-web/locations/us-central1/repositories/gcf-artifacts","sourceProvenance":{"resolvedStorageSource":{"bucket":"gcf-v2-sources-687340693602-us-central1","object":"app/function-source.zip","generation":"1732348893520426"}},"dockerRegistry":"ARTIFACT_REGISTRY","serviceAccount":"projects/agrilens-web/serviceAccounts/687340693602-compute@developer.gserviceaccount.com","automaticUpdatePolicy":{}},"serviceConfig":{"service":"projects/agrilens-web/locations/us-central1/services/app","timeoutSeconds":60,"environmentVariables":{"HYPERBOLIC_API_KEY":"eyJhbGciOiJIUzI1NiIsInR5cCI6IkpXVCJ9.eyJzdWIiOiJiZWRuaWVAbXN1ZGVudmVyLmVkdSIsImlhdCI6MTczMjM0NTQ0M30.43641egwU0AoKHMNlo8AKkBVM0fc-nx724BepH757iM","PLANT_ID_API_KEY":"8as3drFq0E91M9cFLz22ZEO5isRyr0uHo1cOYqSyTVsLL5bTEJ","TYPE_VALUE":"service_account","PROJECT_ID_VALUE":"agrilens-web","PROJECT_BUCKET_NAME":"agrilens-web.firebasestorage.app","PRIVATE_KEY_ID_VALUE":"3663ba6ea2106e8a9650875ca3648e9fdbd7f49b","PRIVATE_KEY_VALUE":"-----BEGIN PRIVATE KEY-----\nMIIEvQIBADANBgkqhkiG9w0BAQEFAASCBKcwggSjAgEAAoIBAQDA33BGA1a7qj4g\nGnwKtMNDQin5ugA3wm2lfLHx12zzhYCyUaFgTbGZR0wG2drwPYCeUMeVfK1yI06Q\n8NPFbAAK2saq3raedLoIo28Ck5Mi1SV2yt58vSWRsR+/9bk1YJdR1OvNfq8860AC\nG6W8P8O2HeJTq4ygF3qoI4p5YJgzRfluretWjyhIOYRnC0EEC+HQ2/UzSBAdT6Zf\nf2E3Esf6up+mQphO2jp4hP7IlWK0BvdSHPg9rl+sbmeDEtWG30ZDlfq0sDS41gcZ\nCpQMMIASsv0e+CFGQ28DITsQ4hLrEx2ZjNHGdWNKBc3x6fQ5+l48QkDzSD8J2hyQ\nsuTlsmJJAgMBAAECggEACkPaFd/XneVRqSO/tlIokkvTMBdWK6GNdGFOlzB/+/X/\nA36UuCtqaF4DDdpKbL7ZOZPTC4G3OXvnko8+tiMpXWqHaFCyJ3zO6ebI4bo4+oGd\nnNTvQnROq5JhvjW1xcF+TDyo0CcN7JAYuAQAriQ2plqw0QMwWNTnEkvR8uPRNelL\n0hWiDUHMqpVSeOLqstayZvJM0Pzpg26SoK+LzNflSLrzpFyr62A+c/1i1ppPTRIs\n4/F2Itf7ltXQQTmsWfCg3HlP+WsgrcdE7/YA9s7uivFQrMtb6XUhrHlAgtnvH9T5\nEc0QbrL1uADsBJFcU5sm2FtXbYfosr2gpdr4ZNoQgQKBgQDmdSLxbJp8qjBJtddd\nti2CH5o/DoIU3QvIOGG9icdNJx470JY3fGe72X1wgLkG/zv4ZjIHTiX1UGf17wTY\nutMZ5jDRhf2RYyh/6CxRcEiUls4sE5ARYFOYW3oNAtW9+c+s8DfpZR+Po3XaiARK\nvmtYnpXTUetfvl4JDnkNIvqmzwKBgQDWP+UYO9/6j8xhk3MJolESXFxxys/Hjlm8\nJvTL3lg9t2j8i6su6QpvC18gxuVRxR/9TFUQU3zJkMQpbb98iCi9BJM4P39myoaT\nk+G3GZCgxw9p2AchKMvKy0E8br/bRYNfuVJlKxFkde2Zw1ZUkVJdbopjlasYDfTI\nGNwGvwOrZwKBgEEqtmrWbwj5hxYQ2YmiTlQRY6iZDaegqghACUNzhmwGt8HqRdAC\n2cKAybvaanfUDL09CMCQFKO9zOf6YsB2c+NK+FsHLKDEDVu952pP+fYqfrpv/bks\nJ/dZRrYPKynBTjx04RqagcY4Tscw1yXbmrdAgNV0wL4eMrEU6p4QWhh5AoGAfCpJ\nffLtSkveGcqXR8UPEQH//V6ZbkBcVwOIqUHxh8rsiDf1fFlIV7SSa+945RvF/0km\nnzCTSEmitZPJ/sT2Px0QqO97yTmkJpD0peWmANd8Yk31S81V1fBXnUtd2xj9GxPO\n4ZzFFqCVk6A2Pwp9XnJ6t1386xLjgreNhEddPA8CgYEAuNXEAl4qlzTrkJnlgRQT\nFXOF2LWgRHW5bV78qvTwygfQUpRA5TLMVyTV3PjBv9rppO6xS9KV5MGoBJwO30gZ\nu417uYZ41BKGGglEFg6hhklZjwErMjhFHYzsldm872NHeLeiYqkHEEiKoHa0R6OY\nVtIrxZNBb836AgBwVE2zo4c=\n-----END PRIVATE KEY-----\n","CLIENT_EMAIL_VALUE":"firebase-adminsdk-kc2m1@agrilens-web.iam.gserviceaccount.com","CLIENT_ID_VALUE":"108154548755254743828","AUTH_URI_VALUE":"https://accounts.google.com/o/oauth2/auth","TOKEN_URI_VALUE":"https://oauth2.googleapis.com/token","AUTH_PROVIDER_CERT_URL_VALUE":"https://www.googleapis.com/oauth2/v1/certs","CLIENT_CERT_URL_VALUE":"https://www.googleapis.com/robot/v1/metadata/x509/firebase-adminsdk-kc2m1%40agrilens-web.iam.gserviceaccount.com","UNIVERSE_DOMAIN_VALUE":"googleapis.com","FIREBASE_CONFIG":"{\"projectId\":\"agrilens-web\",\"storageBucket\":\"agrilens-web.firebasestorage.app\"}","GCLOUD_PROJECT":"agrilens-web","EVENTARC_CLOUD_EVENT_SOURCE":"projects/agrilens-web/locations/us-central1/services/app","FUNCTION_TARGET":"app","LOG_EXECUTION_ID":"true"},"ingressSettings":"ALLOW_ALL","uri":"https://app-id543mmv6a-uc.a.run.app","serviceAccountEmail":"687340693602-compute@developer.gserviceaccount.com","availableMemory":"256Mi","allTrafficOnLatestRevision":true,"revision":"app-00008-qir","maxInstanceRequestConcurrency":80,"availableCpu":"1"},"state":"ACTIVE","labels":{"deployment-tool":"cli-firebase","firebase-functions-hash":"6f7dfbb8c676b5acead80dd0ca9430bc02b950f0"},"environment":"GEN_2","url":"https://us-central1-agrilens-web.cloudfunctions.net/app"},"stages":[{"name":"BUILD","state":"NOT_STARTED"},{"name":"SERVICE","state":"NOT_STARTED"}],"operationType":"UPDATE_FUNCTION"},"done":false}
[debug] [2024-11-30T01:11:02.448Z] [update-default-us-central1-app] Retrying task index 0
[debug] [2024-11-30T01:11:02.450Z] Checked if tokens are valid: true, expires at: 1732931601757
[debug] [2024-11-30T01:11:02.451Z] Checked if tokens are valid: true, expires at: 1732931601757
[debug] [2024-11-30T01:11:02.451Z] >>> [apiv2][query] GET https://cloudfunctions.googleapis.com/v2/projects/agrilens-web/locations/us-central1/operations/operation-1732929060610-62816fd142348-e2e8da93-09af367e [none]
[debug] [2024-11-30T01:11:02.593Z] <<< [apiv2][status] GET https://cloudfunctions.googleapis.com/v2/projects/agrilens-web/locations/us-central1/operations/operation-1732929060610-62816fd142348-e2e8da93-09af367e 200
[debug] [2024-11-30T01:11:02.593Z] <<< [apiv2][body] GET https://cloudfunctions.googleapis.com/v2/projects/agrilens-web/locations/us-central1/operations/operation-1732929060610-62816fd142348-e2e8da93-09af367e {"name":"projects/agrilens-web/locations/us-central1/operations/operation-1732929060610-62816fd142348-e2e8da93-09af367e","metadata":{"@type":"type.googleapis.com/google.cloud.functions.v2.OperationMetadata","createTime":"2024-11-30T01:11:01.667613329Z","target":"projects/agrilens-web/locations/us-central1/functions/app","verb":"update","cancelRequested":false,"apiVersion":"v2","requestResource":{"@type":"type.googleapis.com/google.cloud.functions.v2.Function","name":"projects/agrilens-web/locations/us-central1/functions/app","buildConfig":{"runtime":"nodejs18","entryPoint":"app","source":{"storageSource":{"bucket":"gcf-v2-sources-687340693602-us-central1","object":"app/function-source.zip","generation":"1732929061622133"}},"environmentVariables":{"GOOGLE_NODE_RUN_SCRIPTS":""},"dockerRepository":"projects/agrilens-web/locations/us-central1/repositories/gcf-artifacts","sourceProvenance":{"resolvedStorageSource":{"bucket":"gcf-v2-sources-687340693602-us-central1","object":"app/function-source.zip","generation":"1732348893520426"}},"dockerRegistry":"ARTIFACT_REGISTRY","serviceAccount":"projects/agrilens-web/serviceAccounts/687340693602-compute@developer.gserviceaccount.com","automaticUpdatePolicy":{}},"serviceConfig":{"service":"projects/agrilens-web/locations/us-central1/services/app","timeoutSeconds":60,"environmentVariables":{"HYPERBOLIC_API_KEY":"eyJhbGciOiJIUzI1NiIsInR5cCI6IkpXVCJ9.eyJzdWIiOiJiZWRuaWVAbXN1ZGVudmVyLmVkdSIsImlhdCI6MTczMjM0NTQ0M30.43641egwU0AoKHMNlo8AKkBVM0fc-nx724BepH757iM","PLANT_ID_API_KEY":"8as3drFq0E91M9cFLz22ZEO5isRyr0uHo1cOYqSyTVsLL5bTEJ","TYPE_VALUE":"service_account","PROJECT_ID_VALUE":"agrilens-web","PROJECT_BUCKET_NAME":"agrilens-web.firebasestorage.app","PRIVATE_KEY_ID_VALUE":"3663ba6ea2106e8a9650875ca3648e9fdbd7f49b","PRIVATE_KEY_VALUE":"-----BEGIN PRIVATE KEY-----\nMIIEvQIBADANBgkqhkiG9w0BAQEFAASCBKcwggSjAgEAAoIBAQDA33BGA1a7qj4g\nGnwKtMNDQin5ugA3wm2lfLHx12zzhYCyUaFgTbGZR0wG2drwPYCeUMeVfK1yI06Q\n8NPFbAAK2saq3raedLoIo28Ck5Mi1SV2yt58vSWRsR+/9bk1YJdR1OvNfq8860AC\nG6W8P8O2HeJTq4ygF3qoI4p5YJgzRfluretWjyhIOYRnC0EEC+HQ2/UzSBAdT6Zf\nf2E3Esf6up+mQphO2jp4hP7IlWK0BvdSHPg9rl+sbmeDEtWG30ZDlfq0sDS41gcZ\nCpQMMIASsv0e+CFGQ28DITsQ4hLrEx2ZjNHGdWNKBc3x6fQ5+l48QkDzSD8J2hyQ\nsuTlsmJJAgMBAAECggEACkPaFd/XneVRqSO/tlIokkvTMBdWK6GNdGFOlzB/+/X/\nA36UuCtqaF4DDdpKbL7ZOZPTC4G3OXvnko8+tiMpXWqHaFCyJ3zO6ebI4bo4+oGd\nnNTvQnROq5JhvjW1xcF+TDyo0CcN7JAYuAQAriQ2plqw0QMwWNTnEkvR8uPRNelL\n0hWiDUHMqpVSeOLqstayZvJM0Pzpg26SoK+LzNflSLrzpFyr62A+c/1i1ppPTRIs\n4/F2Itf7ltXQQTmsWfCg3HlP+WsgrcdE7/YA9s7uivFQrMtb6XUhrHlAgtnvH9T5\nEc0QbrL1uADsBJFcU5sm2FtXbYfosr2gpdr4ZNoQgQKBgQDmdSLxbJp8qjBJtddd\nti2CH5o/DoIU3QvIOGG9icdNJx470JY3fGe72X1wgLkG/zv4ZjIHTiX1UGf17wTY\nutMZ5jDRhf2RYyh/6CxRcEiUls4sE5ARYFOYW3oNAtW9+c+s8DfpZR+Po3XaiARK\nvmtYnpXTUetfvl4JDnkNIvqmzwKBgQDWP+UYO9/6j8xhk3MJolESXFxxys/Hjlm8\nJvTL3lg9t2j8i6su6QpvC18gxuVRxR/9TFUQU3zJkMQpbb98iCi9BJM4P39myoaT\nk+G3GZCgxw9p2AchKMvKy0E8br/bRYNfuVJlKxFkde2Zw1ZUkVJdbopjlasYDfTI\nGNwGvwOrZwKBgEEqtmrWbwj5hxYQ2YmiTlQRY6iZDaegqghACUNzhmwGt8HqRdAC\n2cKAybvaanfUDL09CMCQFKO9zOf6YsB2c+NK+FsHLKDEDVu952pP+fYqfrpv/bks\nJ/dZRrYPKynBTjx04RqagcY4Tscw1yXbmrdAgNV0wL4eMrEU6p4QWhh5AoGAfCpJ\nffLtSkveGcqXR8UPEQH//V6ZbkBcVwOIqUHxh8rsiDf1fFlIV7SSa+945RvF/0km\nnzCTSEmitZPJ/sT2Px0QqO97yTmkJpD0peWmANd8Yk31S81V1fBXnUtd2xj9GxPO\n4ZzFFqCVk6A2Pwp9XnJ6t1386xLjgreNhEddPA8CgYEAuNXEAl4qlzTrkJnlgRQT\nFXOF2LWgRHW5bV78qvTwygfQUpRA5TLMVyTV3PjBv9rppO6xS9KV5MGoBJwO30gZ\nu417uYZ41BKGGglEFg6hhklZjwErMjhFHYzsldm872NHeLeiYqkHEEiKoHa0R6OY\nVtIrxZNBb836AgBwVE2zo4c=\n-----END PRIVATE KEY-----\n","CLIENT_EMAIL_VALUE":"firebase-adminsdk-kc2m1@agrilens-web.iam.gserviceaccount.com","CLIENT_ID_VALUE":"108154548755254743828","AUTH_URI_VALUE":"https://accounts.google.com/o/oauth2/auth","TOKEN_URI_VALUE":"https://oauth2.googleapis.com/token","AUTH_PROVIDER_CERT_URL_VALUE":"https://www.googleapis.com/oauth2/v1/certs","CLIENT_CERT_URL_VALUE":"https://www.googleapis.com/robot/v1/metadata/x509/firebase-adminsdk-kc2m1%40agrilens-web.iam.gserviceaccount.com","UNIVERSE_DOMAIN_VALUE":"googleapis.com","FIREBASE_CONFIG":"{\"projectId\":\"agrilens-web\",\"storageBucket\":\"agrilens-web.firebasestorage.app\"}","GCLOUD_PROJECT":"agrilens-web","EVENTARC_CLOUD_EVENT_SOURCE":"projects/agrilens-web/locations/us-central1/services/app","FUNCTION_TARGET":"app","LOG_EXECUTION_ID":"true"},"ingressSettings":"ALLOW_ALL","uri":"https://app-id543mmv6a-uc.a.run.app","serviceAccountEmail":"687340693602-compute@developer.gserviceaccount.com","availableMemory":"256Mi","allTrafficOnLatestRevision":true,"revision":"app-00008-qir","maxInstanceRequestConcurrency":80,"availableCpu":"1"},"state":"ACTIVE","labels":{"deployment-tool":"cli-firebase","firebase-functions-hash":"6f7dfbb8c676b5acead80dd0ca9430bc02b950f0"},"environment":"GEN_2","url":"https://us-central1-agrilens-web.cloudfunctions.net/app"},"stages":[{"name":"BUILD","message":"Creating build","state":"IN_PROGRESS","resource":"projects/687340693602/locations/us-central1/builds/d19320bd-49b5-4e68-8a59-f4b056ec6f15","resourceUri":"https://console.cloud.google.com/cloud-build/builds;region=us-central1/d19320bd-49b5-4e68-8a59-f4b056ec6f15?project=687340693602"},{"name":"SERVICE","state":"NOT_STARTED"}],"operationType":"UPDATE_FUNCTION","buildName":"projects/687340693602/locations/us-central1/builds/d19320bd-49b5-4e68-8a59-f4b056ec6f15"},"done":false}
[debug] [2024-11-30T01:11:03.595Z] [update-default-us-central1-app] Retrying task index 0
[debug] [2024-11-30T01:11:03.598Z] Checked if tokens are valid: true, expires at: 1732931601757
[debug] [2024-11-30T01:11:03.598Z] Checked if tokens are valid: true, expires at: 1732931601757
[debug] [2024-11-30T01:11:03.599Z] >>> [apiv2][query] GET https://cloudfunctions.googleapis.com/v2/projects/agrilens-web/locations/us-central1/operations/operation-1732929060610-62816fd142348-e2e8da93-09af367e [none]
[debug] [2024-11-30T01:11:03.743Z] <<< [apiv2][status] GET https://cloudfunctions.googleapis.com/v2/projects/agrilens-web/locations/us-central1/operations/operation-1732929060610-62816fd142348-e2e8da93-09af367e 200
[debug] [2024-11-30T01:11:03.743Z] <<< [apiv2][body] GET https://cloudfunctions.googleapis.com/v2/projects/agrilens-web/locations/us-central1/operations/operation-1732929060610-62816fd142348-e2e8da93-09af367e {"name":"projects/agrilens-web/locations/us-central1/operations/operation-1732929060610-62816fd142348-e2e8da93-09af367e","metadata":{"@type":"type.googleapis.com/google.cloud.functions.v2.OperationMetadata","createTime":"2024-11-30T01:11:01.667613329Z","target":"projects/agrilens-web/locations/us-central1/functions/app","verb":"update","cancelRequested":false,"apiVersion":"v2","requestResource":{"@type":"type.googleapis.com/google.cloud.functions.v2.Function","name":"projects/agrilens-web/locations/us-central1/functions/app","buildConfig":{"runtime":"nodejs18","entryPoint":"app","source":{"storageSource":{"bucket":"gcf-v2-sources-687340693602-us-central1","object":"app/function-source.zip","generation":"1732929061622133"}},"environmentVariables":{"GOOGLE_NODE_RUN_SCRIPTS":""},"dockerRepository":"projects/agrilens-web/locations/us-central1/repositories/gcf-artifacts","sourceProvenance":{"resolvedStorageSource":{"bucket":"gcf-v2-sources-687340693602-us-central1","object":"app/function-source.zip","generation":"1732348893520426"}},"dockerRegistry":"ARTIFACT_REGISTRY","serviceAccount":"projects/agrilens-web/serviceAccounts/687340693602-compute@developer.gserviceaccount.com","automaticUpdatePolicy":{}},"serviceConfig":{"service":"projects/agrilens-web/locations/us-central1/services/app","timeoutSeconds":60,"environmentVariables":{"HYPERBOLIC_API_KEY":"eyJhbGciOiJIUzI1NiIsInR5cCI6IkpXVCJ9.eyJzdWIiOiJiZWRuaWVAbXN1ZGVudmVyLmVkdSIsImlhdCI6MTczMjM0NTQ0M30.43641egwU0AoKHMNlo8AKkBVM0fc-nx724BepH757iM","PLANT_ID_API_KEY":"8as3drFq0E91M9cFLz22ZEO5isRyr0uHo1cOYqSyTVsLL5bTEJ","TYPE_VALUE":"service_account","PROJECT_ID_VALUE":"agrilens-web","PROJECT_BUCKET_NAME":"agrilens-web.firebasestorage.app","PRIVATE_KEY_ID_VALUE":"3663ba6ea2106e8a9650875ca3648e9fdbd7f49b","PRIVATE_KEY_VALUE":"-----BEGIN PRIVATE KEY-----\nMIIEvQIBADANBgkqhkiG9w0BAQEFAASCBKcwggSjAgEAAoIBAQDA33BGA1a7qj4g\nGnwKtMNDQin5ugA3wm2lfLHx12zzhYCyUaFgTbGZR0wG2drwPYCeUMeVfK1yI06Q\n8NPFbAAK2saq3raedLoIo28Ck5Mi1SV2yt58vSWRsR+/9bk1YJdR1OvNfq8860AC\nG6W8P8O2HeJTq4ygF3qoI4p5YJgzRfluretWjyhIOYRnC0EEC+HQ2/UzSBAdT6Zf\nf2E3Esf6up+mQphO2jp4hP7IlWK0BvdSHPg9rl+sbmeDEtWG30ZDlfq0sDS41gcZ\nCpQMMIASsv0e+CFGQ28DITsQ4hLrEx2ZjNHGdWNKBc3x6fQ5+l48QkDzSD8J2hyQ\nsuTlsmJJAgMBAAECggEACkPaFd/XneVRqSO/tlIokkvTMBdWK6GNdGFOlzB/+/X/\nA36UuCtqaF4DDdpKbL7ZOZPTC4G3OXvnko8+tiMpXWqHaFCyJ3zO6ebI4bo4+oGd\nnNTvQnROq5JhvjW1xcF+TDyo0CcN7JAYuAQAriQ2plqw0QMwWNTnEkvR8uPRNelL\n0hWiDUHMqpVSeOLqstayZvJM0Pzpg26SoK+LzNflSLrzpFyr62A+c/1i1ppPTRIs\n4/F2Itf7ltXQQTmsWfCg3HlP+WsgrcdE7/YA9s7uivFQrMtb6XUhrHlAgtnvH9T5\nEc0QbrL1uADsBJFcU5sm2FtXbYfosr2gpdr4ZNoQgQKBgQDmdSLxbJp8qjBJtddd\nti2CH5o/DoIU3QvIOGG9icdNJx470JY3fGe72X1wgLkG/zv4ZjIHTiX1UGf17wTY\nutMZ5jDRhf2RYyh/6CxRcEiUls4sE5ARYFOYW3oNAtW9+c+s8DfpZR+Po3XaiARK\nvmtYnpXTUetfvl4JDnkNIvqmzwKBgQDWP+UYO9/6j8xhk3MJolESXFxxys/Hjlm8\nJvTL3lg9t2j8i6su6QpvC18gxuVRxR/9TFUQU3zJkMQpbb98iCi9BJM4P39myoaT\nk+G3GZCgxw9p2AchKMvKy0E8br/bRYNfuVJlKxFkde2Zw1ZUkVJdbopjlasYDfTI\nGNwGvwOrZwKBgEEqtmrWbwj5hxYQ2YmiTlQRY6iZDaegqghACUNzhmwGt8HqRdAC\n2cKAybvaanfUDL09CMCQFKO9zOf6YsB2c+NK+FsHLKDEDVu952pP+fYqfrpv/bks\nJ/dZRrYPKynBTjx04RqagcY4Tscw1yXbmrdAgNV0wL4eMrEU6p4QWhh5AoGAfCpJ\nffLtSkveGcqXR8UPEQH//V6ZbkBcVwOIqUHxh8rsiDf1fFlIV7SSa+945RvF/0km\nnzCTSEmitZPJ/sT2Px0QqO97yTmkJpD0peWmANd8Yk31S81V1fBXnUtd2xj9GxPO\n4ZzFFqCVk6A2Pwp9XnJ6t1386xLjgreNhEddPA8CgYEAuNXEAl4qlzTrkJnlgRQT\nFXOF2LWgRHW5bV78qvTwygfQUpRA5TLMVyTV3PjBv9rppO6xS9KV5MGoBJwO30gZ\nu417uYZ41BKGGglEFg6hhklZjwErMjhFHYzsldm872NHeLeiYqkHEEiKoHa0R6OY\nVtIrxZNBb836AgBwVE2zo4c=\n-----END PRIVATE KEY-----\n","CLIENT_EMAIL_VALUE":"firebase-adminsdk-kc2m1@agrilens-web.iam.gserviceaccount.com","CLIENT_ID_VALUE":"108154548755254743828","AUTH_URI_VALUE":"https://accounts.google.com/o/oauth2/auth","TOKEN_URI_VALUE":"https://oauth2.googleapis.com/token","AUTH_PROVIDER_CERT_URL_VALUE":"https://www.googleapis.com/oauth2/v1/certs","CLIENT_CERT_URL_VALUE":"https://www.googleapis.com/robot/v1/metadata/x509/firebase-adminsdk-kc2m1%40agrilens-web.iam.gserviceaccount.com","UNIVERSE_DOMAIN_VALUE":"googleapis.com","FIREBASE_CONFIG":"{\"projectId\":\"agrilens-web\",\"storageBucket\":\"agrilens-web.firebasestorage.app\"}","GCLOUD_PROJECT":"agrilens-web","EVENTARC_CLOUD_EVENT_SOURCE":"projects/agrilens-web/locations/us-central1/services/app","FUNCTION_TARGET":"app","LOG_EXECUTION_ID":"true"},"ingressSettings":"ALLOW_ALL","uri":"https://app-id543mmv6a-uc.a.run.app","serviceAccountEmail":"687340693602-compute@developer.gserviceaccount.com","availableMemory":"256Mi","allTrafficOnLatestRevision":true,"revision":"app-00008-qir","maxInstanceRequestConcurrency":80,"availableCpu":"1"},"state":"ACTIVE","labels":{"deployment-tool":"cli-firebase","firebase-functions-hash":"6f7dfbb8c676b5acead80dd0ca9430bc02b950f0"},"environment":"GEN_2","url":"https://us-central1-agrilens-web.cloudfunctions.net/app"},"stages":[{"name":"BUILD","message":"Build in progress","state":"IN_PROGRESS","resource":"projects/687340693602/locations/us-central1/builds/d19320bd-49b5-4e68-8a59-f4b056ec6f15","resourceUri":"https://console.cloud.google.com/cloud-build/builds;region=us-central1/d19320bd-49b5-4e68-8a59-f4b056ec6f15?project=687340693602"},{"name":"SERVICE","state":"NOT_STARTED"}],"operationType":"UPDATE_FUNCTION","buildName":"projects/687340693602/locations/us-central1/builds/d19320bd-49b5-4e68-8a59-f4b056ec6f15"},"done":false}
[debug] [2024-11-30T01:11:05.744Z] [update-default-us-central1-app] Retrying task index 0
[debug] [2024-11-30T01:11:05.745Z] Checked if tokens are valid: true, expires at: 1732931601757
[debug] [2024-11-30T01:11:05.745Z] Checked if tokens are valid: true, expires at: 1732931601757
[debug] [2024-11-30T01:11:05.745Z] >>> [apiv2][query] GET https://cloudfunctions.googleapis.com/v2/projects/agrilens-web/locations/us-central1/operations/operation-1732929060610-62816fd142348-e2e8da93-09af367e [none]
[debug] [2024-11-30T01:11:05.894Z] <<< [apiv2][status] GET https://cloudfunctions.googleapis.com/v2/projects/agrilens-web/locations/us-central1/operations/operation-1732929060610-62816fd142348-e2e8da93-09af367e 200
[debug] [2024-11-30T01:11:05.894Z] <<< [apiv2][body] GET https://cloudfunctions.googleapis.com/v2/projects/agrilens-web/locations/us-central1/operations/operation-1732929060610-62816fd142348-e2e8da93-09af367e {"name":"projects/agrilens-web/locations/us-central1/operations/operation-1732929060610-62816fd142348-e2e8da93-09af367e","metadata":{"@type":"type.googleapis.com/google.cloud.functions.v2.OperationMetadata","createTime":"2024-11-30T01:11:01.667613329Z","target":"projects/agrilens-web/locations/us-central1/functions/app","verb":"update","cancelRequested":false,"apiVersion":"v2","requestResource":{"@type":"type.googleapis.com/google.cloud.functions.v2.Function","name":"projects/agrilens-web/locations/us-central1/functions/app","buildConfig":{"runtime":"nodejs18","entryPoint":"app","source":{"storageSource":{"bucket":"gcf-v2-sources-687340693602-us-central1","object":"app/function-source.zip","generation":"1732929061622133"}},"environmentVariables":{"GOOGLE_NODE_RUN_SCRIPTS":""},"dockerRepository":"projects/agrilens-web/locations/us-central1/repositories/gcf-artifacts","sourceProvenance":{"resolvedStorageSource":{"bucket":"gcf-v2-sources-687340693602-us-central1","object":"app/function-source.zip","generation":"1732348893520426"}},"dockerRegistry":"ARTIFACT_REGISTRY","serviceAccount":"projects/agrilens-web/serviceAccounts/687340693602-compute@developer.gserviceaccount.com","automaticUpdatePolicy":{}},"serviceConfig":{"service":"projects/agrilens-web/locations/us-central1/services/app","timeoutSeconds":60,"environmentVariables":{"HYPERBOLIC_API_KEY":"eyJhbGciOiJIUzI1NiIsInR5cCI6IkpXVCJ9.eyJzdWIiOiJiZWRuaWVAbXN1ZGVudmVyLmVkdSIsImlhdCI6MTczMjM0NTQ0M30.43641egwU0AoKHMNlo8AKkBVM0fc-nx724BepH757iM","PLANT_ID_API_KEY":"8as3drFq0E91M9cFLz22ZEO5isRyr0uHo1cOYqSyTVsLL5bTEJ","TYPE_VALUE":"service_account","PROJECT_ID_VALUE":"agrilens-web","PROJECT_BUCKET_NAME":"agrilens-web.firebasestorage.app","PRIVATE_KEY_ID_VALUE":"3663ba6ea2106e8a9650875ca3648e9fdbd7f49b","PRIVATE_KEY_VALUE":"-----BEGIN PRIVATE KEY-----\nMIIEvQIBADANBgkqhkiG9w0BAQEFAASCBKcwggSjAgEAAoIBAQDA33BGA1a7qj4g\nGnwKtMNDQin5ugA3wm2lfLHx12zzhYCyUaFgTbGZR0wG2drwPYCeUMeVfK1yI06Q\n8NPFbAAK2saq3raedLoIo28Ck5Mi1SV2yt58vSWRsR+/9bk1YJdR1OvNfq8860AC\nG6W8P8O2HeJTq4ygF3qoI4p5YJgzRfluretWjyhIOYRnC0EEC+HQ2/UzSBAdT6Zf\nf2E3Esf6up+mQphO2jp4hP7IlWK0BvdSHPg9rl+sbmeDEtWG30ZDlfq0sDS41gcZ\nCpQMMIASsv0e+CFGQ28DITsQ4hLrEx2ZjNHGdWNKBc3x6fQ5+l48QkDzSD8J2hyQ\nsuTlsmJJAgMBAAECggEACkPaFd/XneVRqSO/tlIokkvTMBdWK6GNdGFOlzB/+/X/\nA36UuCtqaF4DDdpKbL7ZOZPTC4G3OXvnko8+tiMpXWqHaFCyJ3zO6ebI4bo4+oGd\nnNTvQnROq5JhvjW1xcF+TDyo0CcN7JAYuAQAriQ2plqw0QMwWNTnEkvR8uPRNelL\n0hWiDUHMqpVSeOLqstayZvJM0Pzpg26SoK+LzNflSLrzpFyr62A+c/1i1ppPTRIs\n4/F2Itf7ltXQQTmsWfCg3HlP+WsgrcdE7/YA9s7uivFQrMtb6XUhrHlAgtnvH9T5\nEc0QbrL1uADsBJFcU5sm2FtXbYfosr2gpdr4ZNoQgQKBgQDmdSLxbJp8qjBJtddd\nti2CH5o/DoIU3QvIOGG9icdNJx470JY3fGe72X1wgLkG/zv4ZjIHTiX1UGf17wTY\nutMZ5jDRhf2RYyh/6CxRcEiUls4sE5ARYFOYW3oNAtW9+c+s8DfpZR+Po3XaiARK\nvmtYnpXTUetfvl4JDnkNIvqmzwKBgQDWP+UYO9/6j8xhk3MJolESXFxxys/Hjlm8\nJvTL3lg9t2j8i6su6QpvC18gxuVRxR/9TFUQU3zJkMQpbb98iCi9BJM4P39myoaT\nk+G3GZCgxw9p2AchKMvKy0E8br/bRYNfuVJlKxFkde2Zw1ZUkVJdbopjlasYDfTI\nGNwGvwOrZwKBgEEqtmrWbwj5hxYQ2YmiTlQRY6iZDaegqghACUNzhmwGt8HqRdAC\n2cKAybvaanfUDL09CMCQFKO9zOf6YsB2c+NK+FsHLKDEDVu952pP+fYqfrpv/bks\nJ/dZRrYPKynBTjx04RqagcY4Tscw1yXbmrdAgNV0wL4eMrEU6p4QWhh5AoGAfCpJ\nffLtSkveGcqXR8UPEQH//V6ZbkBcVwOIqUHxh8rsiDf1fFlIV7SSa+945RvF/0km\nnzCTSEmitZPJ/sT2Px0QqO97yTmkJpD0peWmANd8Yk31S81V1fBXnUtd2xj9GxPO\n4ZzFFqCVk6A2Pwp9XnJ6t1386xLjgreNhEddPA8CgYEAuNXEAl4qlzTrkJnlgRQT\nFXOF2LWgRHW5bV78qvTwygfQUpRA5TLMVyTV3PjBv9rppO6xS9KV5MGoBJwO30gZ\nu417uYZ41BKGGglEFg6hhklZjwErMjhFHYzsldm872NHeLeiYqkHEEiKoHa0R6OY\nVtIrxZNBb836AgBwVE2zo4c=\n-----END PRIVATE KEY-----\n","CLIENT_EMAIL_VALUE":"firebase-adminsdk-kc2m1@agrilens-web.iam.gserviceaccount.com","CLIENT_ID_VALUE":"108154548755254743828","AUTH_URI_VALUE":"https://accounts.google.com/o/oauth2/auth","TOKEN_URI_VALUE":"https://oauth2.googleapis.com/token","AUTH_PROVIDER_CERT_URL_VALUE":"https://www.googleapis.com/oauth2/v1/certs","CLIENT_CERT_URL_VALUE":"https://www.googleapis.com/robot/v1/metadata/x509/firebase-adminsdk-kc2m1%40agrilens-web.iam.gserviceaccount.com","UNIVERSE_DOMAIN_VALUE":"googleapis.com","FIREBASE_CONFIG":"{\"projectId\":\"agrilens-web\",\"storageBucket\":\"agrilens-web.firebasestorage.app\"}","GCLOUD_PROJECT":"agrilens-web","EVENTARC_CLOUD_EVENT_SOURCE":"projects/agrilens-web/locations/us-central1/services/app","FUNCTION_TARGET":"app","LOG_EXECUTION_ID":"true"},"ingressSettings":"ALLOW_ALL","uri":"https://app-id543mmv6a-uc.a.run.app","serviceAccountEmail":"687340693602-compute@developer.gserviceaccount.com","availableMemory":"256Mi","allTrafficOnLatestRevision":true,"revision":"app-00008-qir","maxInstanceRequestConcurrency":80,"availableCpu":"1"},"state":"ACTIVE","labels":{"deployment-tool":"cli-firebase","firebase-functions-hash":"6f7dfbb8c676b5acead80dd0ca9430bc02b950f0"},"environment":"GEN_2","url":"https://us-central1-agrilens-web.cloudfunctions.net/app"},"stages":[{"name":"BUILD","message":"Build in progress","state":"IN_PROGRESS","resource":"projects/687340693602/locations/us-central1/builds/d19320bd-49b5-4e68-8a59-f4b056ec6f15","resourceUri":"https://console.cloud.google.com/cloud-build/builds;region=us-central1/d19320bd-49b5-4e68-8a59-f4b056ec6f15?project=687340693602"},{"name":"SERVICE","state":"NOT_STARTED"}],"operationType":"UPDATE_FUNCTION","buildName":"projects/687340693602/locations/us-central1/builds/d19320bd-49b5-4e68-8a59-f4b056ec6f15"},"done":false}
[debug] [2024-11-30T01:11:09.895Z] [update-default-us-central1-app] Retrying task index 0
[debug] [2024-11-30T01:11:09.896Z] Checked if tokens are valid: true, expires at: 1732931601757
[debug] [2024-11-30T01:11:09.896Z] Checked if tokens are valid: true, expires at: 1732931601757
[debug] [2024-11-30T01:11:09.896Z] >>> [apiv2][query] GET https://cloudfunctions.googleapis.com/v2/projects/agrilens-web/locations/us-central1/operations/operation-1732929060610-62816fd142348-e2e8da93-09af367e [none]
[debug] [2024-11-30T01:11:10.049Z] <<< [apiv2][status] GET https://cloudfunctions.googleapis.com/v2/projects/agrilens-web/locations/us-central1/operations/operation-1732929060610-62816fd142348-e2e8da93-09af367e 200
[debug] [2024-11-30T01:11:10.049Z] <<< [apiv2][body] GET https://cloudfunctions.googleapis.com/v2/projects/agrilens-web/locations/us-central1/operations/operation-1732929060610-62816fd142348-e2e8da93-09af367e {"name":"projects/agrilens-web/locations/us-central1/operations/operation-1732929060610-62816fd142348-e2e8da93-09af367e","metadata":{"@type":"type.googleapis.com/google.cloud.functions.v2.OperationMetadata","createTime":"2024-11-30T01:11:01.667613329Z","target":"projects/agrilens-web/locations/us-central1/functions/app","verb":"update","cancelRequested":false,"apiVersion":"v2","requestResource":{"@type":"type.googleapis.com/google.cloud.functions.v2.Function","name":"projects/agrilens-web/locations/us-central1/functions/app","buildConfig":{"runtime":"nodejs18","entryPoint":"app","source":{"storageSource":{"bucket":"gcf-v2-sources-687340693602-us-central1","object":"app/function-source.zip","generation":"1732929061622133"}},"environmentVariables":{"GOOGLE_NODE_RUN_SCRIPTS":""},"dockerRepository":"projects/agrilens-web/locations/us-central1/repositories/gcf-artifacts","sourceProvenance":{"resolvedStorageSource":{"bucket":"gcf-v2-sources-687340693602-us-central1","object":"app/function-source.zip","generation":"1732348893520426"}},"dockerRegistry":"ARTIFACT_REGISTRY","serviceAccount":"projects/agrilens-web/serviceAccounts/687340693602-compute@developer.gserviceaccount.com","automaticUpdatePolicy":{}},"serviceConfig":{"service":"projects/agrilens-web/locations/us-central1/services/app","timeoutSeconds":60,"environmentVariables":{"HYPERBOLIC_API_KEY":"eyJhbGciOiJIUzI1NiIsInR5cCI6IkpXVCJ9.eyJzdWIiOiJiZWRuaWVAbXN1ZGVudmVyLmVkdSIsImlhdCI6MTczMjM0NTQ0M30.43641egwU0AoKHMNlo8AKkBVM0fc-nx724BepH757iM","PLANT_ID_API_KEY":"8as3drFq0E91M9cFLz22ZEO5isRyr0uHo1cOYqSyTVsLL5bTEJ","TYPE_VALUE":"service_account","PROJECT_ID_VALUE":"agrilens-web","PROJECT_BUCKET_NAME":"agrilens-web.firebasestorage.app","PRIVATE_KEY_ID_VALUE":"3663ba6ea2106e8a9650875ca3648e9fdbd7f49b","PRIVATE_KEY_VALUE":"-----BEGIN PRIVATE KEY-----\nMIIEvQIBADANBgkqhkiG9w0BAQEFAASCBKcwggSjAgEAAoIBAQDA33BGA1a7qj4g\nGnwKtMNDQin5ugA3wm2lfLHx12zzhYCyUaFgTbGZR0wG2drwPYCeUMeVfK1yI06Q\n8NPFbAAK2saq3raedLoIo28Ck5Mi1SV2yt58vSWRsR+/9bk1YJdR1OvNfq8860AC\nG6W8P8O2HeJTq4ygF3qoI4p5YJgzRfluretWjyhIOYRnC0EEC+HQ2/UzSBAdT6Zf\nf2E3Esf6up+mQphO2jp4hP7IlWK0BvdSHPg9rl+sbmeDEtWG30ZDlfq0sDS41gcZ\nCpQMMIASsv0e+CFGQ28DITsQ4hLrEx2ZjNHGdWNKBc3x6fQ5+l48QkDzSD8J2hyQ\nsuTlsmJJAgMBAAECggEACkPaFd/XneVRqSO/tlIokkvTMBdWK6GNdGFOlzB/+/X/\nA36UuCtqaF4DDdpKbL7ZOZPTC4G3OXvnko8+tiMpXWqHaFCyJ3zO6ebI4bo4+oGd\nnNTvQnROq5JhvjW1xcF+TDyo0CcN7JAYuAQAriQ2plqw0QMwWNTnEkvR8uPRNelL\n0hWiDUHMqpVSeOLqstayZvJM0Pzpg26SoK+LzNflSLrzpFyr62A+c/1i1ppPTRIs\n4/F2Itf7ltXQQTmsWfCg3HlP+WsgrcdE7/YA9s7uivFQrMtb6XUhrHlAgtnvH9T5\nEc0QbrL1uADsBJFcU5sm2FtXbYfosr2gpdr4ZNoQgQKBgQDmdSLxbJp8qjBJtddd\nti2CH5o/DoIU3QvIOGG9icdNJx470JY3fGe72X1wgLkG/zv4ZjIHTiX1UGf17wTY\nutMZ5jDRhf2RYyh/6CxRcEiUls4sE5ARYFOYW3oNAtW9+c+s8DfpZR+Po3XaiARK\nvmtYnpXTUetfvl4JDnkNIvqmzwKBgQDWP+UYO9/6j8xhk3MJolESXFxxys/Hjlm8\nJvTL3lg9t2j8i6su6QpvC18gxuVRxR/9TFUQU3zJkMQpbb98iCi9BJM4P39myoaT\nk+G3GZCgxw9p2AchKMvKy0E8br/bRYNfuVJlKxFkde2Zw1ZUkVJdbopjlasYDfTI\nGNwGvwOrZwKBgEEqtmrWbwj5hxYQ2YmiTlQRY6iZDaegqghACUNzhmwGt8HqRdAC\n2cKAybvaanfUDL09CMCQFKO9zOf6YsB2c+NK+FsHLKDEDVu952pP+fYqfrpv/bks\nJ/dZRrYPKynBTjx04RqagcY4Tscw1yXbmrdAgNV0wL4eMrEU6p4QWhh5AoGAfCpJ\nffLtSkveGcqXR8UPEQH//V6ZbkBcVwOIqUHxh8rsiDf1fFlIV7SSa+945RvF/0km\nnzCTSEmitZPJ/sT2Px0QqO97yTmkJpD0peWmANd8Yk31S81V1fBXnUtd2xj9GxPO\n4ZzFFqCVk6A2Pwp9XnJ6t1386xLjgreNhEddPA8CgYEAuNXEAl4qlzTrkJnlgRQT\nFXOF2LWgRHW5bV78qvTwygfQUpRA5TLMVyTV3PjBv9rppO6xS9KV5MGoBJwO30gZ\nu417uYZ41BKGGglEFg6hhklZjwErMjhFHYzsldm872NHeLeiYqkHEEiKoHa0R6OY\nVtIrxZNBb836AgBwVE2zo4c=\n-----END PRIVATE KEY-----\n","CLIENT_EMAIL_VALUE":"firebase-adminsdk-kc2m1@agrilens-web.iam.gserviceaccount.com","CLIENT_ID_VALUE":"108154548755254743828","AUTH_URI_VALUE":"https://accounts.google.com/o/oauth2/auth","TOKEN_URI_VALUE":"https://oauth2.googleapis.com/token","AUTH_PROVIDER_CERT_URL_VALUE":"https://www.googleapis.com/oauth2/v1/certs","CLIENT_CERT_URL_VALUE":"https://www.googleapis.com/robot/v1/metadata/x509/firebase-adminsdk-kc2m1%40agrilens-web.iam.gserviceaccount.com","UNIVERSE_DOMAIN_VALUE":"googleapis.com","FIREBASE_CONFIG":"{\"projectId\":\"agrilens-web\",\"storageBucket\":\"agrilens-web.firebasestorage.app\"}","GCLOUD_PROJECT":"agrilens-web","EVENTARC_CLOUD_EVENT_SOURCE":"projects/agrilens-web/locations/us-central1/services/app","FUNCTION_TARGET":"app","LOG_EXECUTION_ID":"true"},"ingressSettings":"ALLOW_ALL","uri":"https://app-id543mmv6a-uc.a.run.app","serviceAccountEmail":"687340693602-compute@developer.gserviceaccount.com","availableMemory":"256Mi","allTrafficOnLatestRevision":true,"revision":"app-00008-qir","maxInstanceRequestConcurrency":80,"availableCpu":"1"},"state":"ACTIVE","labels":{"deployment-tool":"cli-firebase","firebase-functions-hash":"6f7dfbb8c676b5acead80dd0ca9430bc02b950f0"},"environment":"GEN_2","url":"https://us-central1-agrilens-web.cloudfunctions.net/app"},"stages":[{"name":"BUILD","message":"Build in progress","state":"IN_PROGRESS","resource":"projects/687340693602/locations/us-central1/builds/d19320bd-49b5-4e68-8a59-f4b056ec6f15","resourceUri":"https://console.cloud.google.com/cloud-build/builds;region=us-central1/d19320bd-49b5-4e68-8a59-f4b056ec6f15?project=687340693602"},{"name":"SERVICE","state":"NOT_STARTED"}],"operationType":"UPDATE_FUNCTION","buildName":"projects/687340693602/locations/us-central1/builds/d19320bd-49b5-4e68-8a59-f4b056ec6f15"},"done":false}
[debug] [2024-11-30T01:11:18.052Z] [update-default-us-central1-app] Retrying task index 0
[debug] [2024-11-30T01:11:18.055Z] Checked if tokens are valid: true, expires at: 1732931601757
[debug] [2024-11-30T01:11:18.055Z] Checked if tokens are valid: true, expires at: 1732931601757
[debug] [2024-11-30T01:11:18.056Z] >>> [apiv2][query] GET https://cloudfunctions.googleapis.com/v2/projects/agrilens-web/locations/us-central1/operations/operation-1732929060610-62816fd142348-e2e8da93-09af367e [none]
[debug] [2024-11-30T01:11:18.212Z] <<< [apiv2][status] GET https://cloudfunctions.googleapis.com/v2/projects/agrilens-web/locations/us-central1/operations/operation-1732929060610-62816fd142348-e2e8da93-09af367e 200
[debug] [2024-11-30T01:11:18.213Z] <<< [apiv2][body] GET https://cloudfunctions.googleapis.com/v2/projects/agrilens-web/locations/us-central1/operations/operation-1732929060610-62816fd142348-e2e8da93-09af367e {"name":"projects/agrilens-web/locations/us-central1/operations/operation-1732929060610-62816fd142348-e2e8da93-09af367e","metadata":{"@type":"type.googleapis.com/google.cloud.functions.v2.OperationMetadata","createTime":"2024-11-30T01:11:01.667613329Z","target":"projects/agrilens-web/locations/us-central1/functions/app","verb":"update","cancelRequested":false,"apiVersion":"v2","requestResource":{"@type":"type.googleapis.com/google.cloud.functions.v2.Function","name":"projects/agrilens-web/locations/us-central1/functions/app","buildConfig":{"runtime":"nodejs18","entryPoint":"app","source":{"storageSource":{"bucket":"gcf-v2-sources-687340693602-us-central1","object":"app/function-source.zip","generation":"1732929061622133"}},"environmentVariables":{"GOOGLE_NODE_RUN_SCRIPTS":""},"dockerRepository":"projects/agrilens-web/locations/us-central1/repositories/gcf-artifacts","sourceProvenance":{"resolvedStorageSource":{"bucket":"gcf-v2-sources-687340693602-us-central1","object":"app/function-source.zip","generation":"1732348893520426"}},"dockerRegistry":"ARTIFACT_REGISTRY","serviceAccount":"projects/agrilens-web/serviceAccounts/687340693602-compute@developer.gserviceaccount.com","automaticUpdatePolicy":{}},"serviceConfig":{"service":"projects/agrilens-web/locations/us-central1/services/app","timeoutSeconds":60,"environmentVariables":{"HYPERBOLIC_API_KEY":"eyJhbGciOiJIUzI1NiIsInR5cCI6IkpXVCJ9.eyJzdWIiOiJiZWRuaWVAbXN1ZGVudmVyLmVkdSIsImlhdCI6MTczMjM0NTQ0M30.43641egwU0AoKHMNlo8AKkBVM0fc-nx724BepH757iM","PLANT_ID_API_KEY":"8as3drFq0E91M9cFLz22ZEO5isRyr0uHo1cOYqSyTVsLL5bTEJ","TYPE_VALUE":"service_account","PROJECT_ID_VALUE":"agrilens-web","PROJECT_BUCKET_NAME":"agrilens-web.firebasestorage.app","PRIVATE_KEY_ID_VALUE":"3663ba6ea2106e8a9650875ca3648e9fdbd7f49b","PRIVATE_KEY_VALUE":"-----BEGIN PRIVATE KEY-----\nMIIEvQIBADANBgkqhkiG9w0BAQEFAASCBKcwggSjAgEAAoIBAQDA33BGA1a7qj4g\nGnwKtMNDQin5ugA3wm2lfLHx12zzhYCyUaFgTbGZR0wG2drwPYCeUMeVfK1yI06Q\n8NPFbAAK2saq3raedLoIo28Ck5Mi1SV2yt58vSWRsR+/9bk1YJdR1OvNfq8860AC\nG6W8P8O2HeJTq4ygF3qoI4p5YJgzRfluretWjyhIOYRnC0EEC+HQ2/UzSBAdT6Zf\nf2E3Esf6up+mQphO2jp4hP7IlWK0BvdSHPg9rl+sbmeDEtWG30ZDlfq0sDS41gcZ\nCpQMMIASsv0e+CFGQ28DITsQ4hLrEx2ZjNHGdWNKBc3x6fQ5+l48QkDzSD8J2hyQ\nsuTlsmJJAgMBAAECggEACkPaFd/XneVRqSO/tlIokkvTMBdWK6GNdGFOlzB/+/X/\nA36UuCtqaF4DDdpKbL7ZOZPTC4G3OXvnko8+tiMpXWqHaFCyJ3zO6ebI4bo4+oGd\nnNTvQnROq5JhvjW1xcF+TDyo0CcN7JAYuAQAriQ2plqw0QMwWNTnEkvR8uPRNelL\n0hWiDUHMqpVSeOLqstayZvJM0Pzpg26SoK+LzNflSLrzpFyr62A+c/1i1ppPTRIs\n4/F2Itf7ltXQQTmsWfCg3HlP+WsgrcdE7/YA9s7uivFQrMtb6XUhrHlAgtnvH9T5\nEc0QbrL1uADsBJFcU5sm2FtXbYfosr2gpdr4ZNoQgQKBgQDmdSLxbJp8qjBJtddd\nti2CH5o/DoIU3QvIOGG9icdNJx470JY3fGe72X1wgLkG/zv4ZjIHTiX1UGf17wTY\nutMZ5jDRhf2RYyh/6CxRcEiUls4sE5ARYFOYW3oNAtW9+c+s8DfpZR+Po3XaiARK\nvmtYnpXTUetfvl4JDnkNIvqmzwKBgQDWP+UYO9/6j8xhk3MJolESXFxxys/Hjlm8\nJvTL3lg9t2j8i6su6QpvC18gxuVRxR/9TFUQU3zJkMQpbb98iCi9BJM4P39myoaT\nk+G3GZCgxw9p2AchKMvKy0E8br/bRYNfuVJlKxFkde2Zw1ZUkVJdbopjlasYDfTI\nGNwGvwOrZwKBgEEqtmrWbwj5hxYQ2YmiTlQRY6iZDaegqghACUNzhmwGt8HqRdAC\n2cKAybvaanfUDL09CMCQFKO9zOf6YsB2c+NK+FsHLKDEDVu952pP+fYqfrpv/bks\nJ/dZRrYPKynBTjx04RqagcY4Tscw1yXbmrdAgNV0wL4eMrEU6p4QWhh5AoGAfCpJ\nffLtSkveGcqXR8UPEQH//V6ZbkBcVwOIqUHxh8rsiDf1fFlIV7SSa+945RvF/0km\nnzCTSEmitZPJ/sT2Px0QqO97yTmkJpD0peWmANd8Yk31S81V1fBXnUtd2xj9GxPO\n4ZzFFqCVk6A2Pwp9XnJ6t1386xLjgreNhEddPA8CgYEAuNXEAl4qlzTrkJnlgRQT\nFXOF2LWgRHW5bV78qvTwygfQUpRA5TLMVyTV3PjBv9rppO6xS9KV5MGoBJwO30gZ\nu417uYZ41BKGGglEFg6hhklZjwErMjhFHYzsldm872NHeLeiYqkHEEiKoHa0R6OY\nVtIrxZNBb836AgBwVE2zo4c=\n-----END PRIVATE KEY-----\n","CLIENT_EMAIL_VALUE":"firebase-adminsdk-kc2m1@agrilens-web.iam.gserviceaccount.com","CLIENT_ID_VALUE":"108154548755254743828","AUTH_URI_VALUE":"https://accounts.google.com/o/oauth2/auth","TOKEN_URI_VALUE":"https://oauth2.googleapis.com/token","AUTH_PROVIDER_CERT_URL_VALUE":"https://www.googleapis.com/oauth2/v1/certs","CLIENT_CERT_URL_VALUE":"https://www.googleapis.com/robot/v1/metadata/x509/firebase-adminsdk-kc2m1%40agrilens-web.iam.gserviceaccount.com","UNIVERSE_DOMAIN_VALUE":"googleapis.com","FIREBASE_CONFIG":"{\"projectId\":\"agrilens-web\",\"storageBucket\":\"agrilens-web.firebasestorage.app\"}","GCLOUD_PROJECT":"agrilens-web","EVENTARC_CLOUD_EVENT_SOURCE":"projects/agrilens-web/locations/us-central1/services/app","FUNCTION_TARGET":"app","LOG_EXECUTION_ID":"true"},"ingressSettings":"ALLOW_ALL","uri":"https://app-id543mmv6a-uc.a.run.app","serviceAccountEmail":"687340693602-compute@developer.gserviceaccount.com","availableMemory":"256Mi","allTrafficOnLatestRevision":true,"revision":"app-00008-qir","maxInstanceRequestConcurrency":80,"availableCpu":"1"},"state":"ACTIVE","labels":{"deployment-tool":"cli-firebase","firebase-functions-hash":"6f7dfbb8c676b5acead80dd0ca9430bc02b950f0"},"environment":"GEN_2","url":"https://us-central1-agrilens-web.cloudfunctions.net/app"},"stages":[{"name":"BUILD","message":"Build in progress","state":"IN_PROGRESS","resource":"projects/687340693602/locations/us-central1/builds/d19320bd-49b5-4e68-8a59-f4b056ec6f15","resourceUri":"https://console.cloud.google.com/cloud-build/builds;region=us-central1/d19320bd-49b5-4e68-8a59-f4b056ec6f15?project=687340693602"},{"name":"SERVICE","state":"NOT_STARTED"}],"operationType":"UPDATE_FUNCTION","buildName":"projects/687340693602/locations/us-central1/builds/d19320bd-49b5-4e68-8a59-f4b056ec6f15"},"done":false}
[debug] [2024-11-30T01:11:28.215Z] [update-default-us-central1-app] Retrying task index 0
[debug] [2024-11-30T01:11:28.216Z] Checked if tokens are valid: true, expires at: 1732931601757
[debug] [2024-11-30T01:11:28.216Z] Checked if tokens are valid: true, expires at: 1732931601757
[debug] [2024-11-30T01:11:28.216Z] >>> [apiv2][query] GET https://cloudfunctions.googleapis.com/v2/projects/agrilens-web/locations/us-central1/operations/operation-1732929060610-62816fd142348-e2e8da93-09af367e [none]
[debug] [2024-11-30T01:11:28.360Z] <<< [apiv2][status] GET https://cloudfunctions.googleapis.com/v2/projects/agrilens-web/locations/us-central1/operations/operation-1732929060610-62816fd142348-e2e8da93-09af367e 200
[debug] [2024-11-30T01:11:28.361Z] <<< [apiv2][body] GET https://cloudfunctions.googleapis.com/v2/projects/agrilens-web/locations/us-central1/operations/operation-1732929060610-62816fd142348-e2e8da93-09af367e {"name":"projects/agrilens-web/locations/us-central1/operations/operation-1732929060610-62816fd142348-e2e8da93-09af367e","metadata":{"@type":"type.googleapis.com/google.cloud.functions.v2.OperationMetadata","createTime":"2024-11-30T01:11:01.667613329Z","target":"projects/agrilens-web/locations/us-central1/functions/app","verb":"update","cancelRequested":false,"apiVersion":"v2","requestResource":{"@type":"type.googleapis.com/google.cloud.functions.v2.Function","name":"projects/agrilens-web/locations/us-central1/functions/app","buildConfig":{"runtime":"nodejs18","entryPoint":"app","source":{"storageSource":{"bucket":"gcf-v2-sources-687340693602-us-central1","object":"app/function-source.zip","generation":"1732929061622133"}},"environmentVariables":{"GOOGLE_NODE_RUN_SCRIPTS":""},"dockerRepository":"projects/agrilens-web/locations/us-central1/repositories/gcf-artifacts","sourceProvenance":{"resolvedStorageSource":{"bucket":"gcf-v2-sources-687340693602-us-central1","object":"app/function-source.zip","generation":"1732348893520426"}},"dockerRegistry":"ARTIFACT_REGISTRY","serviceAccount":"projects/agrilens-web/serviceAccounts/687340693602-compute@developer.gserviceaccount.com","automaticUpdatePolicy":{}},"serviceConfig":{"service":"projects/agrilens-web/locations/us-central1/services/app","timeoutSeconds":60,"environmentVariables":{"HYPERBOLIC_API_KEY":"eyJhbGciOiJIUzI1NiIsInR5cCI6IkpXVCJ9.eyJzdWIiOiJiZWRuaWVAbXN1ZGVudmVyLmVkdSIsImlhdCI6MTczMjM0NTQ0M30.43641egwU0AoKHMNlo8AKkBVM0fc-nx724BepH757iM","PLANT_ID_API_KEY":"8as3drFq0E91M9cFLz22ZEO5isRyr0uHo1cOYqSyTVsLL5bTEJ","TYPE_VALUE":"service_account","PROJECT_ID_VALUE":"agrilens-web","PROJECT_BUCKET_NAME":"agrilens-web.firebasestorage.app","PRIVATE_KEY_ID_VALUE":"3663ba6ea2106e8a9650875ca3648e9fdbd7f49b","PRIVATE_KEY_VALUE":"-----BEGIN PRIVATE KEY-----\nMIIEvQIBADANBgkqhkiG9w0BAQEFAASCBKcwggSjAgEAAoIBAQDA33BGA1a7qj4g\nGnwKtMNDQin5ugA3wm2lfLHx12zzhYCyUaFgTbGZR0wG2drwPYCeUMeVfK1yI06Q\n8NPFbAAK2saq3raedLoIo28Ck5Mi1SV2yt58vSWRsR+/9bk1YJdR1OvNfq8860AC\nG6W8P8O2HeJTq4ygF3qoI4p5YJgzRfluretWjyhIOYRnC0EEC+HQ2/UzSBAdT6Zf\nf2E3Esf6up+mQphO2jp4hP7IlWK0BvdSHPg9rl+sbmeDEtWG30ZDlfq0sDS41gcZ\nCpQMMIASsv0e+CFGQ28DITsQ4hLrEx2ZjNHGdWNKBc3x6fQ5+l48QkDzSD8J2hyQ\nsuTlsmJJAgMBAAECggEACkPaFd/XneVRqSO/tlIokkvTMBdWK6GNdGFOlzB/+/X/\nA36UuCtqaF4DDdpKbL7ZOZPTC4G3OXvnko8+tiMpXWqHaFCyJ3zO6ebI4bo4+oGd\nnNTvQnROq5JhvjW1xcF+TDyo0CcN7JAYuAQAriQ2plqw0QMwWNTnEkvR8uPRNelL\n0hWiDUHMqpVSeOLqstayZvJM0Pzpg26SoK+LzNflSLrzpFyr62A+c/1i1ppPTRIs\n4/F2Itf7ltXQQTmsWfCg3HlP+WsgrcdE7/YA9s7uivFQrMtb6XUhrHlAgtnvH9T5\nEc0QbrL1uADsBJFcU5sm2FtXbYfosr2gpdr4ZNoQgQKBgQDmdSLxbJp8qjBJtddd\nti2CH5o/DoIU3QvIOGG9icdNJx470JY3fGe72X1wgLkG/zv4ZjIHTiX1UGf17wTY\nutMZ5jDRhf2RYyh/6CxRcEiUls4sE5ARYFOYW3oNAtW9+c+s8DfpZR+Po3XaiARK\nvmtYnpXTUetfvl4JDnkNIvqmzwKBgQDWP+UYO9/6j8xhk3MJolESXFxxys/Hjlm8\nJvTL3lg9t2j8i6su6QpvC18gxuVRxR/9TFUQU3zJkMQpbb98iCi9BJM4P39myoaT\nk+G3GZCgxw9p2AchKMvKy0E8br/bRYNfuVJlKxFkde2Zw1ZUkVJdbopjlasYDfTI\nGNwGvwOrZwKBgEEqtmrWbwj5hxYQ2YmiTlQRY6iZDaegqghACUNzhmwGt8HqRdAC\n2cKAybvaanfUDL09CMCQFKO9zOf6YsB2c+NK+FsHLKDEDVu952pP+fYqfrpv/bks\nJ/dZRrYPKynBTjx04RqagcY4Tscw1yXbmrdAgNV0wL4eMrEU6p4QWhh5AoGAfCpJ\nffLtSkveGcqXR8UPEQH//V6ZbkBcVwOIqUHxh8rsiDf1fFlIV7SSa+945RvF/0km\nnzCTSEmitZPJ/sT2Px0QqO97yTmkJpD0peWmANd8Yk31S81V1fBXnUtd2xj9GxPO\n4ZzFFqCVk6A2Pwp9XnJ6t1386xLjgreNhEddPA8CgYEAuNXEAl4qlzTrkJnlgRQT\nFXOF2LWgRHW5bV78qvTwygfQUpRA5TLMVyTV3PjBv9rppO6xS9KV5MGoBJwO30gZ\nu417uYZ41BKGGglEFg6hhklZjwErMjhFHYzsldm872NHeLeiYqkHEEiKoHa0R6OY\nVtIrxZNBb836AgBwVE2zo4c=\n-----END PRIVATE KEY-----\n","CLIENT_EMAIL_VALUE":"firebase-adminsdk-kc2m1@agrilens-web.iam.gserviceaccount.com","CLIENT_ID_VALUE":"108154548755254743828","AUTH_URI_VALUE":"https://accounts.google.com/o/oauth2/auth","TOKEN_URI_VALUE":"https://oauth2.googleapis.com/token","AUTH_PROVIDER_CERT_URL_VALUE":"https://www.googleapis.com/oauth2/v1/certs","CLIENT_CERT_URL_VALUE":"https://www.googleapis.com/robot/v1/metadata/x509/firebase-adminsdk-kc2m1%40agrilens-web.iam.gserviceaccount.com","UNIVERSE_DOMAIN_VALUE":"googleapis.com","FIREBASE_CONFIG":"{\"projectId\":\"agrilens-web\",\"storageBucket\":\"agrilens-web.firebasestorage.app\"}","GCLOUD_PROJECT":"agrilens-web","EVENTARC_CLOUD_EVENT_SOURCE":"projects/agrilens-web/locations/us-central1/services/app","FUNCTION_TARGET":"app","LOG_EXECUTION_ID":"true"},"ingressSettings":"ALLOW_ALL","uri":"https://app-id543mmv6a-uc.a.run.app","serviceAccountEmail":"687340693602-compute@developer.gserviceaccount.com","availableMemory":"256Mi","allTrafficOnLatestRevision":true,"revision":"app-00008-qir","maxInstanceRequestConcurrency":80,"availableCpu":"1"},"state":"ACTIVE","labels":{"deployment-tool":"cli-firebase","firebase-functions-hash":"6f7dfbb8c676b5acead80dd0ca9430bc02b950f0"},"environment":"GEN_2","url":"https://us-central1-agrilens-web.cloudfunctions.net/app"},"stages":[{"name":"BUILD","message":"Build in progress","state":"IN_PROGRESS","resource":"projects/687340693602/locations/us-central1/builds/d19320bd-49b5-4e68-8a59-f4b056ec6f15","resourceUri":"https://console.cloud.google.com/cloud-build/builds;region=us-central1/d19320bd-49b5-4e68-8a59-f4b056ec6f15?project=687340693602"},{"name":"SERVICE","state":"NOT_STARTED"}],"operationType":"UPDATE_FUNCTION","buildName":"projects/687340693602/locations/us-central1/builds/d19320bd-49b5-4e68-8a59-f4b056ec6f15"},"done":false}
